2026-02-02T13:35:25.405+02:00  INFO 14696 --- [webshop] [main] ee.mihkel.webshop.WebshopApplication     : Starting WebshopApplication using Java 24.0.1 with PID 14696 (C:\Users\Admin\koolitused\backend-12-2025\target\classes started by Admin in C:\Users\Admin\koolitused\backend-12-2025)
2026-02-02T13:35:25.414+02:00  INFO 14696 --- [webshop] [main] ee.mihkel.webshop.WebshopApplication     : The following 1 profile is active: "prod"
2026-02-02T13:35:28.357+02:00  INFO 14696 --- [webshop] [main] .s.d.r.c.RepositoryConfigurationDelegate : Multiple Spring Data modules found, entering strict repository configuration mode
2026-02-02T13:35:28.364+02:00  INFO 14696 --- [webshop] [main] .s.d.r.c.RepositoryConfigurationDelegate : Bootstrapping Spring Data JPA repositories in DEFAULT mode.
2026-02-02T13:35:28.818+02:00  INFO 14696 --- [webshop] [main] .s.d.r.c.RepositoryConfigurationDelegate : Finished Spring Data repository scanning in 433 ms. Found 4 JPA repository interfaces.
2026-02-02T13:35:28.951+02:00  INFO 14696 --- [webshop] [main] .s.d.r.c.RepositoryConfigurationDelegate : Multiple Spring Data modules found, entering strict repository configuration mode
2026-02-02T13:35:28.954+02:00  INFO 14696 --- [webshop] [main] .s.d.r.c.RepositoryConfigurationDelegate : Bootstrapping Spring Data Redis repositories in DEFAULT mode.
2026-02-02T13:35:28.992+02:00  INFO 14696 --- [webshop] [main] .RepositoryConfigurationExtensionSupport : Spring Data Redis - Could not safely identify store assignment for repository candidate interface ee.mihkel.webshop.repository.CategoryRepository; If you want this repository to be a Redis repository, consider annotating your entities with one of these annotations: org.springframework.data.redis.core.RedisHash (preferred), or consider extending one of the following types with your repository: org.springframework.data.keyvalue.repository.KeyValueRepository
2026-02-02T13:35:28.994+02:00  INFO 14696 --- [webshop] [main] .RepositoryConfigurationExtensionSupport : Spring Data Redis - Could not safely identify store assignment for repository candidate interface ee.mihkel.webshop.repository.OrderRepository; If you want this repository to be a Redis repository, consider annotating your entities with one of these annotations: org.springframework.data.redis.core.RedisHash (preferred), or consider extending one of the following types with your repository: org.springframework.data.keyvalue.repository.KeyValueRepository
2026-02-02T13:35:28.994+02:00  INFO 14696 --- [webshop] [main] .RepositoryConfigurationExtensionSupport : Spring Data Redis - Could not safely identify store assignment for repository candidate interface ee.mihkel.webshop.repository.PersonRepository; If you want this repository to be a Redis repository, consider annotating your entities with one of these annotations: org.springframework.data.redis.core.RedisHash (preferred), or consider extending one of the following types with your repository: org.springframework.data.keyvalue.repository.KeyValueRepository
2026-02-02T13:35:28.996+02:00  INFO 14696 --- [webshop] [main] .RepositoryConfigurationExtensionSupport : Spring Data Redis - Could not safely identify store assignment for repository candidate interface ee.mihkel.webshop.repository.ProductRepository; If you want this repository to be a Redis repository, consider annotating your entities with one of these annotations: org.springframework.data.redis.core.RedisHash (preferred), or consider extending one of the following types with your repository: org.springframework.data.keyvalue.repository.KeyValueRepository
2026-02-02T13:35:28.996+02:00  INFO 14696 --- [webshop] [main] .s.d.r.c.RepositoryConfigurationDelegate : Finished Spring Data repository scanning in 16 ms. Found 0 Redis repository interfaces.
2026-02-02T13:35:30.098+02:00  INFO 14696 --- [webshop] [main] o.s.boot.tomcat.TomcatWebServer          : Tomcat initialized with port 8080 (http)
2026-02-02T13:35:30.128+02:00  INFO 14696 --- [webshop] [main] o.apache.catalina.core.StandardService   : Starting service [Tomcat]
2026-02-02T13:35:30.129+02:00  INFO 14696 --- [webshop] [main] o.apache.catalina.core.StandardEngine    : Starting Servlet engine: [Apache Tomcat/11.0.14]
2026-02-02T13:35:30.244+02:00  INFO 14696 --- [webshop] [main] b.w.c.s.WebApplicationContextInitializer : Root WebApplicationContext: initialization completed in 4727 ms
2026-02-02T13:35:30.568+02:00  INFO 14696 --- [webshop] [main] o.hibernate.jpa.internal.util.LogHelper  : HHH000204: Processing PersistenceUnitInfo [name: default]
2026-02-02T13:35:30.690+02:00  INFO 14696 --- [webshop] [main] org.hibernate.Version                    : HHH000412: Hibernate ORM core version 7.1.8.Final
2026-02-02T13:35:31.753+02:00  INFO 14696 --- [webshop] [main] o.s.o.j.p.SpringPersistenceUnitInfo      : No LoadTimeWeaver setup: ignoring JPA class transformer
2026-02-02T13:35:31.847+02:00  INFO 14696 --- [webshop] [main] com.zaxxer.hikari.HikariDataSource       : HikariPool-1 - Starting...
2026-02-02T13:35:33.989+02:00  INFO 14696 --- [webshop] [main] com.zaxxer.hikari.pool.HikariPool        : HikariPool-1 - Added connection org.postgresql.jdbc.PgConnection@342dc040
2026-02-02T13:35:33.992+02:00  INFO 14696 --- [webshop] [main] com.zaxxer.hikari.HikariDataSource       : HikariPool-1 - Start completed.
2026-02-02T13:35:34.940+02:00  INFO 14696 --- [webshop] [main] org.hibernate.orm.connections.pooling    : HHH10001005: Database info:
	Database JDBC URL [jdbc:postgresql://dpg-d608i5q4d50c73cn1m1g-a.virginia-postgres.render.com/veebipood_database_y7xr]
	Database driver: PostgreSQL JDBC Driver
	Database dialect: PostgreSQLDialect
	Database version: 18.1
	Default catalog/schema: veebipood_database_y7xr/public
	Autocommit mode: undefined/unknown
	Isolation level: READ_COMMITTED [default READ_COMMITTED]
	JDBC fetch size: none
	Pool: DatasourceConnectionProviderImpl
	Minimum pool size: undefined/unknown
	Maximum pool size: undefined/unknown
2026-02-02T13:35:37.309+02:00  INFO 14696 --- [webshop] [main] o.h.e.t.j.p.i.JtaPlatformInitiator       : HHH000489: No JTA platform available (set 'hibernate.transaction.jta.platform' to enable JTA platform integration)
2026-02-02T13:35:39.046+02:00  WARN 14696 --- [webshop] [main] org.hibernate.orm.jdbc.warn              : HHH000247: ErrorCode: 0, SQLState: 00000
2026-02-02T13:35:39.047+02:00  WARN 14696 --- [webshop] [main] org.hibernate.orm.jdbc.warn              : constraint "uk83uplx9pk5xbms2n3lps2r1bk" of relation "orders_order_rows" does not exist, skipping
2026-02-02T13:35:39.353+02:00  WARN 14696 --- [webshop] [main] org.hibernate.orm.jdbc.warn              : HHH000247: ErrorCode: 0, SQLState: 00000
2026-02-02T13:35:39.354+02:00  WARN 14696 --- [webshop] [main] org.hibernate.orm.jdbc.warn              : constraint "ukfwmwi44u55bo4rvwsv0cln012" of relation "person" does not exist, skipping
2026-02-02T13:35:39.620+02:00  WARN 14696 --- [webshop] [main] org.hibernate.orm.jdbc.warn              : HHH000247: ErrorCode: 0, SQLState: 00000
2026-02-02T13:35:39.622+02:00  WARN 14696 --- [webshop] [main] org.hibernate.orm.jdbc.warn              : constraint "uko8tnkglv9n1eeqmo7de7em37n" of relation "person" does not exist, skipping
2026-02-02T13:35:40.548+02:00  INFO 14696 --- [webshop] [main] j.LocalContainerEntityManagerFactoryBean : Initialized JPA EntityManagerFactory for persistence unit 'default'
2026-02-02T13:35:40.695+02:00  INFO 14696 --- [webshop] [main] o.s.d.j.r.query.QueryEnhancerFactories   : Hibernate is in classpath; If applicable, HQL parser will be used.
2026-02-02T13:35:42.095+02:00  WARN 14696 --- [webshop] [main] JpaBaseConfiguration$JpaWebConfiguration : spring.jpa.open-in-view is enabled by default. Therefore, database queries may be performed during view rendering. Explicitly configure spring.jpa.open-in-view to disable this warning
2026-02-02T13:35:42.276+02:00  WARN 14696 --- [webshop] [main] .s.a.UserDetailsServiceAutoConfiguration : 

Using generated security password: cbd54e64-4095-464e-aeff-1ecc9dde90e5

This generated password is for development use only. Your security configuration must be updated before running your application in production.

2026-02-02T13:35:42.295+02:00  INFO 14696 --- [webshop] [main] r$InitializeUserDetailsManagerConfigurer : Global AuthenticationManager configured with UserDetailsService bean with name inMemoryUserDetailsManager
2026-02-02T13:35:43.540+02:00  INFO 14696 --- [webshop] [main] o.s.boot.tomcat.TomcatWebServer          : Tomcat started on port 8080 (http) with context path '/'
2026-02-02T13:35:43.561+02:00  INFO 14696 --- [webshop] [main] ee.mihkel.webshop.WebshopApplication     : Started WebshopApplication in 19.087 seconds (process running for 22.209)
2026-02-02T13:47:41.631+02:00  INFO 14696 --- [webshop] [SpringApplicationShutdownHook] o.s.boot.tomcat.GracefulShutdown         : Commencing graceful shutdown. Waiting for active requests to complete
2026-02-02T13:47:41.644+02:00  INFO 14696 --- [webshop] [tomcat-shutdown] o.s.boot.tomcat.GracefulShutdown         : Graceful shutdown complete
2026-02-02T13:47:41.677+02:00  INFO 14696 --- [webshop] [SpringApplicationShutdownHook] j.LocalContainerEntityManagerFactoryBean : Closing JPA EntityManagerFactory for persistence unit 'default'
2026-02-02T13:47:41.684+02:00  INFO 14696 --- [webshop] [SpringApplicationShutdownHook] com.zaxxer.hikari.HikariDataSource       : HikariPool-1 - Shutdown initiated...
2026-02-02T13:47:43.015+02:00  INFO 14696 --- [webshop] [SpringApplicationShutdownHook] com.zaxxer.hikari.HikariDataSource       : HikariPool-1 - Shutdown completed.
2026-02-02T13:47:45.757+02:00  INFO 12340 --- [webshop] [main] ee.mihkel.webshop.WebshopApplication     : Starting WebshopApplication using Java 24.0.1 with PID 12340 (C:\Users\Admin\koolitused\backend-12-2025\target\classes started by Admin in C:\Users\Admin\koolitused\backend-12-2025)
2026-02-02T13:47:45.762+02:00  INFO 12340 --- [webshop] [main] ee.mihkel.webshop.WebshopApplication     : The following 1 profile is active: "prod"
2026-02-02T13:47:46.672+02:00  INFO 12340 --- [webshop] [main] .s.d.r.c.RepositoryConfigurationDelegate : Multiple Spring Data modules found, entering strict repository configuration mode
2026-02-02T13:47:46.674+02:00  INFO 12340 --- [webshop] [main] .s.d.r.c.RepositoryConfigurationDelegate : Bootstrapping Spring Data JPA repositories in DEFAULT mode.
2026-02-02T13:47:46.882+02:00  INFO 12340 --- [webshop] [main] .s.d.r.c.RepositoryConfigurationDelegate : Finished Spring Data repository scanning in 196 ms. Found 4 JPA repository interfaces.
2026-02-02T13:47:46.937+02:00  INFO 12340 --- [webshop] [main] .s.d.r.c.RepositoryConfigurationDelegate : Multiple Spring Data modules found, entering strict repository configuration mode
2026-02-02T13:47:46.938+02:00  INFO 12340 --- [webshop] [main] .s.d.r.c.RepositoryConfigurationDelegate : Bootstrapping Spring Data Redis repositories in DEFAULT mode.
2026-02-02T13:47:46.955+02:00  INFO 12340 --- [webshop] [main] .RepositoryConfigurationExtensionSupport : Spring Data Redis - Could not safely identify store assignment for repository candidate interface ee.mihkel.webshop.repository.CategoryRepository; If you want this repository to be a Redis repository, consider annotating your entities with one of these annotations: org.springframework.data.redis.core.RedisHash (preferred), or consider extending one of the following types with your repository: org.springframework.data.keyvalue.repository.KeyValueRepository
2026-02-02T13:47:46.958+02:00  INFO 12340 --- [webshop] [main] .RepositoryConfigurationExtensionSupport : Spring Data Redis - Could not safely identify store assignment for repository candidate interface ee.mihkel.webshop.repository.OrderRepository; If you want this repository to be a Redis repository, consider annotating your entities with one of these annotations: org.springframework.data.redis.core.RedisHash (preferred), or consider extending one of the following types with your repository: org.springframework.data.keyvalue.repository.KeyValueRepository
2026-02-02T13:47:46.958+02:00  INFO 12340 --- [webshop] [main] .RepositoryConfigurationExtensionSupport : Spring Data Redis - Could not safely identify store assignment for repository candidate interface ee.mihkel.webshop.repository.PersonRepository; If you want this repository to be a Redis repository, consider annotating your entities with one of these annotations: org.springframework.data.redis.core.RedisHash (preferred), or consider extending one of the following types with your repository: org.springframework.data.keyvalue.repository.KeyValueRepository
2026-02-02T13:47:46.959+02:00  INFO 12340 --- [webshop] [main] .RepositoryConfigurationExtensionSupport : Spring Data Redis - Could not safely identify store assignment for repository candidate interface ee.mihkel.webshop.repository.ProductRepository; If you want this repository to be a Redis repository, consider annotating your entities with one of these annotations: org.springframework.data.redis.core.RedisHash (preferred), or consider extending one of the following types with your repository: org.springframework.data.keyvalue.repository.KeyValueRepository
2026-02-02T13:47:46.959+02:00  INFO 12340 --- [webshop] [main] .s.d.r.c.RepositoryConfigurationDelegate : Finished Spring Data repository scanning in 11 ms. Found 0 Redis repository interfaces.
2026-02-02T13:47:47.579+02:00  INFO 12340 --- [webshop] [main] o.s.boot.tomcat.TomcatWebServer          : Tomcat initialized with port 8080 (http)
2026-02-02T13:47:47.596+02:00  INFO 12340 --- [webshop] [main] o.apache.catalina.core.StandardService   : Starting service [Tomcat]
2026-02-02T13:47:47.597+02:00  INFO 12340 --- [webshop] [main] o.apache.catalina.core.StandardEngine    : Starting Servlet engine: [Apache Tomcat/11.0.14]
2026-02-02T13:47:47.661+02:00  INFO 12340 --- [webshop] [main] b.w.c.s.WebApplicationContextInitializer : Root WebApplicationContext: initialization completed in 1828 ms
2026-02-02T13:47:47.836+02:00  INFO 12340 --- [webshop] [main] o.hibernate.jpa.internal.util.LogHelper  : HHH000204: Processing PersistenceUnitInfo [name: default]
2026-02-02T13:47:47.898+02:00  INFO 12340 --- [webshop] [main] org.hibernate.Version                    : HHH000412: Hibernate ORM core version 7.1.8.Final
2026-02-02T13:47:48.419+02:00  INFO 12340 --- [webshop] [main] o.s.o.j.p.SpringPersistenceUnitInfo      : No LoadTimeWeaver setup: ignoring JPA class transformer
2026-02-02T13:47:48.458+02:00  INFO 12340 --- [webshop] [main] com.zaxxer.hikari.HikariDataSource       : HikariPool-1 - Starting...
2026-02-02T13:47:50.495+02:00  INFO 12340 --- [webshop] [main] com.zaxxer.hikari.pool.HikariPool        : HikariPool-1 - Added connection org.postgresql.jdbc.PgConnection@65f470f8
2026-02-02T13:47:50.498+02:00  INFO 12340 --- [webshop] [main] com.zaxxer.hikari.HikariDataSource       : HikariPool-1 - Start completed.
2026-02-02T13:47:51.541+02:00  INFO 12340 --- [webshop] [main] org.hibernate.orm.connections.pooling    : HHH10001005: Database info:
	Database JDBC URL [jdbc:postgresql://dpg-d608i5q4d50c73cn1m1g-a.virginia-postgres.render.com/veebipood_database_y7xr]
	Database driver: PostgreSQL JDBC Driver
	Database dialect: PostgreSQLDialect
	Database version: 18.1
	Default catalog/schema: veebipood_database_y7xr/public
	Autocommit mode: undefined/unknown
	Isolation level: READ_COMMITTED [default READ_COMMITTED]
	JDBC fetch size: none
	Pool: DatasourceConnectionProviderImpl
	Minimum pool size: undefined/unknown
	Maximum pool size: undefined/unknown
2026-02-02T13:47:53.442+02:00  INFO 12340 --- [webshop] [main] o.h.e.t.j.p.i.JtaPlatformInitiator       : HHH000489: No JTA platform available (set 'hibernate.transaction.jta.platform' to enable JTA platform integration)
2026-02-02T13:47:57.967+02:00  INFO 12340 --- [webshop] [main] j.LocalContainerEntityManagerFactoryBean : Initialized JPA EntityManagerFactory for persistence unit 'default'
2026-02-02T13:47:58.075+02:00  INFO 12340 --- [webshop] [main] o.s.d.j.r.query.QueryEnhancerFactories   : Hibernate is in classpath; If applicable, HQL parser will be used.
2026-02-02T13:47:59.123+02:00  WARN 12340 --- [webshop] [main] JpaBaseConfiguration$JpaWebConfiguration : spring.jpa.open-in-view is enabled by default. Therefore, database queries may be performed during view rendering. Explicitly configure spring.jpa.open-in-view to disable this warning
2026-02-02T13:47:59.260+02:00  WARN 12340 --- [webshop] [main] .s.a.UserDetailsServiceAutoConfiguration : 

Using generated security password: 5e0d19e8-d670-4c23-b5f5-a981584b77df

This generated password is for development use only. Your security configuration must be updated before running your application in production.

2026-02-02T13:47:59.271+02:00  INFO 12340 --- [webshop] [main] r$InitializeUserDetailsManagerConfigurer : Global AuthenticationManager configured with UserDetailsService bean with name inMemoryUserDetailsManager
2026-02-02T13:48:00.189+02:00  INFO 12340 --- [webshop] [main] o.s.boot.tomcat.TomcatWebServer          : Tomcat started on port 8080 (http) with context path '/'
2026-02-02T13:48:00.206+02:00  INFO 12340 --- [webshop] [main] ee.mihkel.webshop.WebshopApplication     : Started WebshopApplication in 15.119 seconds (process running for 16.174)
2026-02-02T13:48:58.996+02:00  INFO 12340 --- [webshop] [http-nio-8080-exec-1] o.a.c.c.C.[Tomcat].[localhost].[/]       : Initializing Spring DispatcherServlet 'dispatcherServlet'
2026-02-02T13:48:58.997+02:00  INFO 12340 --- [webshop] [http-nio-8080-exec-1] o.s.web.servlet.DispatcherServlet        : Initializing Servlet 'dispatcherServlet'
2026-02-02T13:48:59.000+02:00  INFO 12340 --- [webshop] [http-nio-8080-exec-1] o.s.web.servlet.DispatcherServlet        : Completed initialization in 3 ms
2026-02-02T13:49:00.441+02:00  WARN 12340 --- [webshop] [http-nio-8080-exec-1] ration$PageModule$WarningLoggingModifier : Serializing PageImpl instances as-is is not supported, meaning that there is no guarantee about the stability of the resulting JSON structure!
	For a stable JSON structure, please use Spring Data's PagedModel (globally via @EnableSpringDataWebSupport(pageSerializationMode = VIA_DTO))
	or Spring HATEOAS and Spring Data's PagedResourcesAssembler as documented in https://docs.spring.io/spring-data/commons/reference/repositories/core-extensions.html#core.web.pageables.

2026-02-02T13:49:28.079+02:00  WARN 12340 --- [webshop] [http-nio-8080-exec-2] o.s.s.c.bcrypt.BCryptPasswordEncoder     : Encoded password does not look like BCrypt
2026-02-02T13:49:33.333+02:00  WARN 12340 --- [webshop] [http-nio-8080-exec-4] o.s.s.c.bcrypt.BCryptPasswordEncoder     : Encoded password does not look like BCrypt
2026-02-02T13:49:37.618+02:00  WARN 12340 --- [webshop] [http-nio-8080-exec-5] o.s.s.c.bcrypt.BCryptPasswordEncoder     : Encoded password does not look like BCrypt
