2026-01-05T13:06:27.621+02:00  INFO 18912 --- [webshop] [main] ee.mihkel.webshop.WebshopApplication     : Starting WebshopApplication using Java 24.0.1 with PID 18912 (C:\Users\Admin\koolitused\backend-12-2025\webshop\target\classes started by Admin in C:\Users\Admin\koolitused\backend-12-2025\webshop)
2026-01-05T13:06:27.626+02:00  INFO 18912 --- [webshop] [main] ee.mihkel.webshop.WebshopApplication     : No active profile set, falling back to 1 default profile: "default"
2026-01-05T13:06:28.681+02:00  INFO 18912 --- [webshop] [main] .s.d.r.c.RepositoryConfigurationDelegate : Bootstrapping Spring Data JPA repositories in DEFAULT mode.
2026-01-05T13:06:28.747+02:00  INFO 18912 --- [webshop] [main] .s.d.r.c.RepositoryConfigurationDelegate : Finished Spring Data repository scanning in 56 ms. Found 4 JPA repository interfaces.
2026-01-05T13:06:29.201+02:00  INFO 18912 --- [webshop] [main] o.s.boot.tomcat.TomcatWebServer          : Tomcat initialized with port 8080 (http)
2026-01-05T13:06:29.217+02:00  INFO 18912 --- [webshop] [main] o.apache.catalina.core.StandardService   : Starting service [Tomcat]
2026-01-05T13:06:29.217+02:00  INFO 18912 --- [webshop] [main] o.apache.catalina.core.StandardEngine    : Starting Servlet engine: [Apache Tomcat/11.0.14]
2026-01-05T13:06:29.268+02:00  INFO 18912 --- [webshop] [main] b.w.c.s.WebApplicationContextInitializer : Root WebApplicationContext: initialization completed in 1575 ms
2026-01-05T13:06:29.442+02:00  INFO 18912 --- [webshop] [main] o.hibernate.jpa.internal.util.LogHelper  : HHH000204: Processing PersistenceUnitInfo [name: default]
2026-01-05T13:06:29.519+02:00  INFO 18912 --- [webshop] [main] org.hibernate.Version                    : HHH000412: Hibernate ORM core version 7.1.8.Final
2026-01-05T13:06:29.993+02:00  INFO 18912 --- [webshop] [main] o.s.o.j.p.SpringPersistenceUnitInfo      : No LoadTimeWeaver setup: ignoring JPA class transformer
2026-01-05T13:06:30.035+02:00  INFO 18912 --- [webshop] [main] com.zaxxer.hikari.HikariDataSource       : HikariPool-1 - Starting...
2026-01-05T13:06:30.233+02:00  INFO 18912 --- [webshop] [main] com.zaxxer.hikari.pool.HikariPool        : HikariPool-1 - Added connection org.postgresql.jdbc.PgConnection@73da7f08
2026-01-05T13:06:30.236+02:00  INFO 18912 --- [webshop] [main] com.zaxxer.hikari.HikariDataSource       : HikariPool-1 - Start completed.
2026-01-05T13:06:30.341+02:00  INFO 18912 --- [webshop] [main] org.hibernate.orm.connections.pooling    : HHH10001005: Database info:
	Database JDBC URL [jdbc:postgresql://localhost:5432/veebipood]
	Database driver: PostgreSQL JDBC Driver
	Database dialect: PostgreSQLDialect
	Database version: 16.2
	Default catalog/schema: veebipood/public
	Autocommit mode: undefined/unknown
	Isolation level: READ_COMMITTED [default READ_COMMITTED]
	JDBC fetch size: none
	Pool: DatasourceConnectionProviderImpl
	Minimum pool size: undefined/unknown
	Maximum pool size: undefined/unknown
2026-01-05T13:06:31.425+02:00  INFO 18912 --- [webshop] [main] o.h.e.t.j.p.i.JtaPlatformInitiator       : HHH000489: No JTA platform available (set 'hibernate.transaction.jta.platform' to enable JTA platform integration)
2026-01-05T13:06:31.613+02:00  INFO 18912 --- [webshop] [main] j.LocalContainerEntityManagerFactoryBean : Initialized JPA EntityManagerFactory for persistence unit 'default'
2026-01-05T13:06:31.714+02:00  INFO 18912 --- [webshop] [main] o.s.d.j.r.query.QueryEnhancerFactories   : Hibernate is in classpath; If applicable, HQL parser will be used.
2026-01-05T13:06:31.979+02:00  WARN 18912 --- [webshop] [main] JpaBaseConfiguration$JpaWebConfiguration : spring.jpa.open-in-view is enabled by default. Therefore, database queries may be performed during view rendering. Explicitly configure spring.jpa.open-in-view to disable this warning
2026-01-05T13:06:32.335+02:00  INFO 18912 --- [webshop] [main] o.s.boot.tomcat.TomcatWebServer          : Tomcat started on port 8080 (http) with context path '/'
2026-01-05T13:06:32.340+02:00  INFO 18912 --- [webshop] [main] ee.mihkel.webshop.WebshopApplication     : Started WebshopApplication in 5.215 seconds (process running for 12.99)
2026-01-05T13:40:25.668+02:00  INFO 18912 --- [webshop] [http-nio-8080-exec-1] o.a.c.c.C.[Tomcat].[localhost].[/]       : Initializing Spring DispatcherServlet 'dispatcherServlet'
2026-01-05T13:40:25.669+02:00  INFO 18912 --- [webshop] [http-nio-8080-exec-1] o.s.web.servlet.DispatcherServlet        : Initializing Servlet 'dispatcherServlet'
2026-01-05T13:40:25.671+02:00  INFO 18912 --- [webshop] [http-nio-8080-exec-1] o.s.web.servlet.DispatcherServlet        : Completed initialization in 2 ms
2026-01-05T13:48:32.784+02:00  INFO 18912 --- [webshop] [SpringApplicationShutdownHook] o.s.boot.tomcat.GracefulShutdown         : Commencing graceful shutdown. Waiting for active requests to complete
2026-01-05T13:48:32.797+02:00  INFO 18912 --- [webshop] [tomcat-shutdown] o.s.boot.tomcat.GracefulShutdown         : Graceful shutdown complete
2026-01-05T13:48:32.803+02:00  INFO 18912 --- [webshop] [SpringApplicationShutdownHook] j.LocalContainerEntityManagerFactoryBean : Closing JPA EntityManagerFactory for persistence unit 'default'
2026-01-05T13:48:32.807+02:00  INFO 18912 --- [webshop] [SpringApplicationShutdownHook] com.zaxxer.hikari.HikariDataSource       : HikariPool-1 - Shutdown initiated...
2026-01-05T13:48:32.812+02:00  INFO 18912 --- [webshop] [SpringApplicationShutdownHook] com.zaxxer.hikari.HikariDataSource       : HikariPool-1 - Shutdown completed.
2026-01-05T13:48:38.580+02:00  INFO 4440 --- [webshop] [main] ee.mihkel.webshop.WebshopApplication     : Starting WebshopApplication using Java 24.0.1 with PID 4440 (C:\Users\Admin\koolitused\backend-12-2025\webshop\target\classes started by Admin in C:\Users\Admin\koolitused\backend-12-2025\webshop)
2026-01-05T13:48:38.584+02:00  INFO 4440 --- [webshop] [main] ee.mihkel.webshop.WebshopApplication     : No active profile set, falling back to 1 default profile: "default"
2026-01-05T13:48:39.542+02:00  INFO 4440 --- [webshop] [main] .s.d.r.c.RepositoryConfigurationDelegate : Bootstrapping Spring Data JPA repositories in DEFAULT mode.
2026-01-05T13:48:39.629+02:00  INFO 4440 --- [webshop] [main] .s.d.r.c.RepositoryConfigurationDelegate : Finished Spring Data repository scanning in 75 ms. Found 4 JPA repository interfaces.
2026-01-05T13:48:40.122+02:00  INFO 4440 --- [webshop] [main] o.s.boot.tomcat.TomcatWebServer          : Tomcat initialized with port 8080 (http)
2026-01-05T13:48:40.137+02:00  INFO 4440 --- [webshop] [main] o.apache.catalina.core.StandardService   : Starting service [Tomcat]
2026-01-05T13:48:40.137+02:00  INFO 4440 --- [webshop] [main] o.apache.catalina.core.StandardEngine    : Starting Servlet engine: [Apache Tomcat/11.0.14]
2026-01-05T13:48:40.190+02:00  INFO 4440 --- [webshop] [main] b.w.c.s.WebApplicationContextInitializer : Root WebApplicationContext: initialization completed in 1534 ms
2026-01-05T13:48:40.411+02:00  INFO 4440 --- [webshop] [main] o.hibernate.jpa.internal.util.LogHelper  : HHH000204: Processing PersistenceUnitInfo [name: default]
2026-01-05T13:48:40.510+02:00  INFO 4440 --- [webshop] [main] org.hibernate.Version                    : HHH000412: Hibernate ORM core version 7.1.8.Final
2026-01-05T13:48:41.137+02:00  INFO 4440 --- [webshop] [main] o.s.o.j.p.SpringPersistenceUnitInfo      : No LoadTimeWeaver setup: ignoring JPA class transformer
2026-01-05T13:48:41.177+02:00  INFO 4440 --- [webshop] [main] com.zaxxer.hikari.HikariDataSource       : HikariPool-1 - Starting...
2026-01-05T13:48:41.355+02:00  INFO 4440 --- [webshop] [main] com.zaxxer.hikari.pool.HikariPool        : HikariPool-1 - Added connection org.postgresql.jdbc.PgConnection@1e4d8770
2026-01-05T13:48:41.357+02:00  INFO 4440 --- [webshop] [main] com.zaxxer.hikari.HikariDataSource       : HikariPool-1 - Start completed.
2026-01-05T13:48:41.439+02:00  INFO 4440 --- [webshop] [main] org.hibernate.orm.connections.pooling    : HHH10001005: Database info:
	Database JDBC URL [jdbc:postgresql://localhost:5432/veebipood]
	Database driver: PostgreSQL JDBC Driver
	Database dialect: PostgreSQLDialect
	Database version: 16.2
	Default catalog/schema: veebipood/public
	Autocommit mode: undefined/unknown
	Isolation level: READ_COMMITTED [default READ_COMMITTED]
	JDBC fetch size: none
	Pool: DatasourceConnectionProviderImpl
	Minimum pool size: undefined/unknown
	Maximum pool size: undefined/unknown
2026-01-05T13:48:42.938+02:00  INFO 4440 --- [webshop] [main] o.h.e.t.j.p.i.JtaPlatformInitiator       : HHH000489: No JTA platform available (set 'hibernate.transaction.jta.platform' to enable JTA platform integration)
2026-01-05T13:48:43.096+02:00  INFO 4440 --- [webshop] [main] j.LocalContainerEntityManagerFactoryBean : Initialized JPA EntityManagerFactory for persistence unit 'default'
2026-01-05T13:48:43.199+02:00  INFO 4440 --- [webshop] [main] o.s.d.j.r.query.QueryEnhancerFactories   : Hibernate is in classpath; If applicable, HQL parser will be used.
2026-01-05T13:48:43.539+02:00  WARN 4440 --- [webshop] [main] JpaBaseConfiguration$JpaWebConfiguration : spring.jpa.open-in-view is enabled by default. Therefore, database queries may be performed during view rendering. Explicitly configure spring.jpa.open-in-view to disable this warning
2026-01-05T13:48:43.963+02:00  INFO 4440 --- [webshop] [main] o.s.boot.tomcat.TomcatWebServer          : Tomcat started on port 8080 (http) with context path '/'
2026-01-05T13:48:43.972+02:00  INFO 4440 --- [webshop] [main] ee.mihkel.webshop.WebshopApplication     : Started WebshopApplication in 6.035 seconds (process running for 7.071)
2026-01-05T13:49:13.654+02:00  INFO 4440 --- [webshop] [http-nio-8080-exec-1] o.a.c.c.C.[Tomcat].[localhost].[/]       : Initializing Spring DispatcherServlet 'dispatcherServlet'
2026-01-05T13:49:13.656+02:00  INFO 4440 --- [webshop] [http-nio-8080-exec-1] o.s.web.servlet.DispatcherServlet        : Initializing Servlet 'dispatcherServlet'
2026-01-05T13:49:13.658+02:00  INFO 4440 --- [webshop] [http-nio-8080-exec-1] o.s.web.servlet.DispatcherServlet        : Completed initialization in 2 ms
2026-01-05T13:49:14.544+02:00  WARN 4440 --- [webshop] [http-nio-8080-exec-1] ration$PageModule$WarningLoggingModifier : Serializing PageImpl instances as-is is not supported, meaning that there is no guarantee about the stability of the resulting JSON structure!
	For a stable JSON structure, please use Spring Data's PagedModel (globally via @EnableSpringDataWebSupport(pageSerializationMode = VIA_DTO))
	or Spring HATEOAS and Spring Data's PagedResourcesAssembler as documented in https://docs.spring.io/spring-data/commons/reference/repositories/core-extensions.html#core.web.pageables.

2026-01-05T13:52:44.552+02:00  INFO 4440 --- [webshop] [http-nio-8080-exec-3] o.apache.coyote.http11.Http11Processor   : Error parsing HTTP request header
 Note: further occurrences of HTTP request parsing errors will be logged at DEBUG level.

java.lang.IllegalArgumentException: Invalid character found in the request target [/products?page={} ]. The valid characters are defined in RFC 7230 and RFC 3986
	at org.apache.coyote.http11.Http11InputBuffer.parseRequestLine(Http11InputBuffer.java:466) ~[tomcat-embed-core-11.0.14.jar:11.0.14]
	at org.apache.coyote.http11.Http11Processor.service(Http11Processor.java:270) ~[tomcat-embed-core-11.0.14.jar:11.0.14]
	at org.apache.coyote.AbstractProcessorLight.process(AbstractProcessorLight.java:63) ~[tomcat-embed-core-11.0.14.jar:11.0.14]
	at org.apache.coyote.AbstractProtocol$ConnectionHandler.process(AbstractProtocol.java:903) ~[tomcat-embed-core-11.0.14.jar:11.0.14]
	at org.apache.tomcat.util.net.NioEndpoint$SocketProcessor.doRun(NioEndpoint.java:1778) ~[tomcat-embed-core-11.0.14.jar:11.0.14]
	at org.apache.tomcat.util.net.SocketProcessorBase.run(SocketProcessorBase.java:52) ~[tomcat-embed-core-11.0.14.jar:11.0.14]
	at org.apache.tomcat.util.threads.ThreadPoolExecutor.runWorker(ThreadPoolExecutor.java:946) ~[tomcat-embed-core-11.0.14.jar:11.0.14]
	at org.apache.tomcat.util.threads.ThreadPoolExecutor$Worker.run(ThreadPoolExecutor.java:480) ~[tomcat-embed-core-11.0.14.jar:11.0.14]
	at org.apache.tomcat.util.threads.TaskThread$WrappingRunnable.run(TaskThread.java:57) ~[tomcat-embed-core-11.0.14.jar:11.0.14]
	at java.base/java.lang.Thread.run(Thread.java:1447) ~[na:na]

2026-01-05T14:53:24.539+02:00  INFO 4440 --- [webshop] [SpringApplicationShutdownHook] o.s.boot.tomcat.GracefulShutdown         : Commencing graceful shutdown. Waiting for active requests to complete
2026-01-05T14:53:24.554+02:00  INFO 4440 --- [webshop] [tomcat-shutdown] o.s.boot.tomcat.GracefulShutdown         : Graceful shutdown complete
2026-01-05T14:53:24.561+02:00  INFO 4440 --- [webshop] [SpringApplicationShutdownHook] j.LocalContainerEntityManagerFactoryBean : Closing JPA EntityManagerFactory for persistence unit 'default'
2026-01-05T14:53:24.567+02:00  INFO 4440 --- [webshop] [SpringApplicationShutdownHook] com.zaxxer.hikari.HikariDataSource       : HikariPool-1 - Shutdown initiated...
2026-01-05T14:53:24.571+02:00  INFO 4440 --- [webshop] [SpringApplicationShutdownHook] com.zaxxer.hikari.HikariDataSource       : HikariPool-1 - Shutdown completed.
2026-01-05T14:53:29.898+02:00  INFO 12388 --- [webshop] [main] ee.mihkel.webshop.WebshopApplication     : Starting WebshopApplication using Java 24.0.1 with PID 12388 (C:\Users\Admin\koolitused\backend-12-2025\webshop\target\classes started by Admin in C:\Users\Admin\koolitused\backend-12-2025\webshop)
2026-01-05T14:53:29.903+02:00  INFO 12388 --- [webshop] [main] ee.mihkel.webshop.WebshopApplication     : No active profile set, falling back to 1 default profile: "default"
2026-01-05T14:53:30.688+02:00  INFO 12388 --- [webshop] [main] .s.d.r.c.RepositoryConfigurationDelegate : Bootstrapping Spring Data JPA repositories in DEFAULT mode.
2026-01-05T14:53:30.753+02:00  INFO 12388 --- [webshop] [main] .s.d.r.c.RepositoryConfigurationDelegate : Finished Spring Data repository scanning in 58 ms. Found 4 JPA repository interfaces.
2026-01-05T14:53:31.171+02:00  INFO 12388 --- [webshop] [main] o.s.boot.tomcat.TomcatWebServer          : Tomcat initialized with port 8080 (http)
2026-01-05T14:53:31.187+02:00  INFO 12388 --- [webshop] [main] o.apache.catalina.core.StandardService   : Starting service [Tomcat]
2026-01-05T14:53:31.187+02:00  INFO 12388 --- [webshop] [main] o.apache.catalina.core.StandardEngine    : Starting Servlet engine: [Apache Tomcat/11.0.14]
2026-01-05T14:53:31.249+02:00  INFO 12388 --- [webshop] [main] b.w.c.s.WebApplicationContextInitializer : Root WebApplicationContext: initialization completed in 1284 ms
2026-01-05T14:53:31.573+02:00  INFO 12388 --- [webshop] [main] o.hibernate.jpa.internal.util.LogHelper  : HHH000204: Processing PersistenceUnitInfo [name: default]
2026-01-05T14:53:31.665+02:00  INFO 12388 --- [webshop] [main] org.hibernate.Version                    : HHH000412: Hibernate ORM core version 7.1.8.Final
2026-01-05T14:53:32.238+02:00  INFO 12388 --- [webshop] [main] o.s.o.j.p.SpringPersistenceUnitInfo      : No LoadTimeWeaver setup: ignoring JPA class transformer
2026-01-05T14:53:32.285+02:00  INFO 12388 --- [webshop] [main] com.zaxxer.hikari.HikariDataSource       : HikariPool-1 - Starting...
2026-01-05T14:53:32.476+02:00  INFO 12388 --- [webshop] [main] com.zaxxer.hikari.pool.HikariPool        : HikariPool-1 - Added connection org.postgresql.jdbc.PgConnection@62360a68
2026-01-05T14:53:32.478+02:00  INFO 12388 --- [webshop] [main] com.zaxxer.hikari.HikariDataSource       : HikariPool-1 - Start completed.
2026-01-05T14:53:32.546+02:00  INFO 12388 --- [webshop] [main] org.hibernate.orm.connections.pooling    : HHH10001005: Database info:
	Database JDBC URL [jdbc:postgresql://localhost:5432/veebipood]
	Database driver: PostgreSQL JDBC Driver
	Database dialect: PostgreSQLDialect
	Database version: 16.2
	Default catalog/schema: veebipood/public
	Autocommit mode: undefined/unknown
	Isolation level: READ_COMMITTED [default READ_COMMITTED]
	JDBC fetch size: none
	Pool: DatasourceConnectionProviderImpl
	Minimum pool size: undefined/unknown
	Maximum pool size: undefined/unknown
2026-01-05T14:53:33.542+02:00  INFO 12388 --- [webshop] [main] o.h.e.t.j.p.i.JtaPlatformInitiator       : HHH000489: No JTA platform available (set 'hibernate.transaction.jta.platform' to enable JTA platform integration)
2026-01-05T14:53:33.682+02:00  INFO 12388 --- [webshop] [main] j.LocalContainerEntityManagerFactoryBean : Initialized JPA EntityManagerFactory for persistence unit 'default'
2026-01-05T14:53:33.766+02:00  INFO 12388 --- [webshop] [main] o.s.d.j.r.query.QueryEnhancerFactories   : Hibernate is in classpath; If applicable, HQL parser will be used.
2026-01-05T14:53:34.006+02:00  WARN 12388 --- [webshop] [main] JpaBaseConfiguration$JpaWebConfiguration : spring.jpa.open-in-view is enabled by default. Therefore, database queries may be performed during view rendering. Explicitly configure spring.jpa.open-in-view to disable this warning
2026-01-05T14:53:34.346+02:00  INFO 12388 --- [webshop] [main] o.s.boot.tomcat.TomcatWebServer          : Tomcat started on port 8080 (http) with context path '/'
2026-01-05T14:53:34.354+02:00  INFO 12388 --- [webshop] [main] ee.mihkel.webshop.WebshopApplication     : Started WebshopApplication in 5.048 seconds (process running for 5.909)
2026-01-05T14:53:40.002+02:00  INFO 12388 --- [webshop] [http-nio-8080-exec-1] o.a.c.c.C.[Tomcat].[localhost].[/]       : Initializing Spring DispatcherServlet 'dispatcherServlet'
2026-01-05T14:53:40.002+02:00  INFO 12388 --- [webshop] [http-nio-8080-exec-1] o.s.web.servlet.DispatcherServlet        : Initializing Servlet 'dispatcherServlet'
2026-01-05T14:53:40.004+02:00  INFO 12388 --- [webshop] [http-nio-8080-exec-1] o.s.web.servlet.DispatcherServlet        : Completed initialization in 2 ms
2026-01-05T15:00:44.898+02:00  INFO 12388 --- [webshop] [SpringApplicationShutdownHook] o.s.boot.tomcat.GracefulShutdown         : Commencing graceful shutdown. Waiting for active requests to complete
2026-01-05T15:00:44.908+02:00  INFO 12388 --- [webshop] [tomcat-shutdown] o.s.boot.tomcat.GracefulShutdown         : Graceful shutdown complete
2026-01-05T15:00:44.913+02:00  INFO 12388 --- [webshop] [SpringApplicationShutdownHook] j.LocalContainerEntityManagerFactoryBean : Closing JPA EntityManagerFactory for persistence unit 'default'
2026-01-05T15:00:44.916+02:00  INFO 12388 --- [webshop] [SpringApplicationShutdownHook] com.zaxxer.hikari.HikariDataSource       : HikariPool-1 - Shutdown initiated...
2026-01-05T15:00:44.919+02:00  INFO 12388 --- [webshop] [SpringApplicationShutdownHook] com.zaxxer.hikari.HikariDataSource       : HikariPool-1 - Shutdown completed.
2026-01-05T15:00:55.120+02:00  INFO 20276 --- [webshop] [main] ee.mihkel.webshop.WebshopApplication     : Starting WebshopApplication using Java 24.0.1 with PID 20276 (C:\Users\Admin\koolitused\backend-12-2025\webshop\target\classes started by Admin in C:\Users\Admin\koolitused\backend-12-2025\webshop)
2026-01-05T15:00:55.126+02:00  INFO 20276 --- [webshop] [main] ee.mihkel.webshop.WebshopApplication     : No active profile set, falling back to 1 default profile: "default"
2026-01-05T15:00:56.547+02:00  INFO 20276 --- [webshop] [main] .s.d.r.c.RepositoryConfigurationDelegate : Bootstrapping Spring Data JPA repositories in DEFAULT mode.
2026-01-05T15:00:56.650+02:00  INFO 20276 --- [webshop] [main] .s.d.r.c.RepositoryConfigurationDelegate : Finished Spring Data repository scanning in 83 ms. Found 4 JPA repository interfaces.
2026-01-05T15:00:57.343+02:00  INFO 20276 --- [webshop] [main] o.s.boot.tomcat.TomcatWebServer          : Tomcat initialized with port 8080 (http)
2026-01-05T15:00:57.364+02:00  INFO 20276 --- [webshop] [main] o.apache.catalina.core.StandardService   : Starting service [Tomcat]
2026-01-05T15:00:57.365+02:00  INFO 20276 --- [webshop] [main] o.apache.catalina.core.StandardEngine    : Starting Servlet engine: [Apache Tomcat/11.0.14]
2026-01-05T15:00:57.437+02:00  INFO 20276 --- [webshop] [main] b.w.c.s.WebApplicationContextInitializer : Root WebApplicationContext: initialization completed in 2237 ms
2026-01-05T15:00:57.659+02:00  INFO 20276 --- [webshop] [main] o.hibernate.jpa.internal.util.LogHelper  : HHH000204: Processing PersistenceUnitInfo [name: default]
2026-01-05T15:00:57.726+02:00  INFO 20276 --- [webshop] [main] org.hibernate.Version                    : HHH000412: Hibernate ORM core version 7.1.8.Final
2026-01-05T15:00:58.495+02:00  INFO 20276 --- [webshop] [main] o.s.o.j.p.SpringPersistenceUnitInfo      : No LoadTimeWeaver setup: ignoring JPA class transformer
2026-01-05T15:00:58.557+02:00  INFO 20276 --- [webshop] [main] com.zaxxer.hikari.HikariDataSource       : HikariPool-1 - Starting...
2026-01-05T15:00:58.801+02:00  INFO 20276 --- [webshop] [main] com.zaxxer.hikari.pool.HikariPool        : HikariPool-1 - Added connection org.postgresql.jdbc.PgConnection@2cdb5974
2026-01-05T15:00:58.803+02:00  INFO 20276 --- [webshop] [main] com.zaxxer.hikari.HikariDataSource       : HikariPool-1 - Start completed.
2026-01-05T15:00:58.903+02:00  INFO 20276 --- [webshop] [main] org.hibernate.orm.connections.pooling    : HHH10001005: Database info:
	Database JDBC URL [jdbc:postgresql://localhost:5432/veebipood]
	Database driver: PostgreSQL JDBC Driver
	Database dialect: PostgreSQLDialect
	Database version: 16.2
	Default catalog/schema: veebipood/public
	Autocommit mode: undefined/unknown
	Isolation level: READ_COMMITTED [default READ_COMMITTED]
	JDBC fetch size: none
	Pool: DatasourceConnectionProviderImpl
	Minimum pool size: undefined/unknown
	Maximum pool size: undefined/unknown
2026-01-05T15:01:00.545+02:00  INFO 20276 --- [webshop] [main] o.h.e.t.j.p.i.JtaPlatformInitiator       : HHH000489: No JTA platform available (set 'hibernate.transaction.jta.platform' to enable JTA platform integration)
2026-01-05T15:01:00.708+02:00  INFO 20276 --- [webshop] [main] j.LocalContainerEntityManagerFactoryBean : Initialized JPA EntityManagerFactory for persistence unit 'default'
2026-01-05T15:01:00.832+02:00  INFO 20276 --- [webshop] [main] o.s.d.j.r.query.QueryEnhancerFactories   : Hibernate is in classpath; If applicable, HQL parser will be used.
2026-01-05T15:01:01.160+02:00  WARN 20276 --- [webshop] [main] JpaBaseConfiguration$JpaWebConfiguration : spring.jpa.open-in-view is enabled by default. Therefore, database queries may be performed during view rendering. Explicitly configure spring.jpa.open-in-view to disable this warning
2026-01-05T15:01:01.693+02:00  INFO 20276 --- [webshop] [main] o.s.boot.tomcat.TomcatWebServer          : Tomcat started on port 8080 (http) with context path '/'
2026-01-05T15:01:01.702+02:00  INFO 20276 --- [webshop] [main] ee.mihkel.webshop.WebshopApplication     : Started WebshopApplication in 7.343 seconds (process running for 8.437)
2026-01-05T15:01:01.839+02:00  INFO 20276 --- [webshop] [http-nio-8080-exec-1] o.a.c.c.C.[Tomcat].[localhost].[/]       : Initializing Spring DispatcherServlet 'dispatcherServlet'
2026-01-05T15:01:01.839+02:00  INFO 20276 --- [webshop] [http-nio-8080-exec-1] o.s.web.servlet.DispatcherServlet        : Initializing Servlet 'dispatcherServlet'
2026-01-05T15:01:01.840+02:00  INFO 20276 --- [webshop] [http-nio-8080-exec-1] o.s.web.servlet.DispatcherServlet        : Completed initialization in 1 ms
2026-01-05T15:01:18.683+02:00  INFO 20276 --- [webshop] [SpringApplicationShutdownHook] o.s.boot.tomcat.GracefulShutdown         : Commencing graceful shutdown. Waiting for active requests to complete
2026-01-05T15:01:18.693+02:00  INFO 20276 --- [webshop] [tomcat-shutdown] o.s.boot.tomcat.GracefulShutdown         : Graceful shutdown complete
2026-01-05T15:01:18.698+02:00  INFO 20276 --- [webshop] [SpringApplicationShutdownHook] j.LocalContainerEntityManagerFactoryBean : Closing JPA EntityManagerFactory for persistence unit 'default'
2026-01-05T15:01:18.702+02:00  INFO 20276 --- [webshop] [SpringApplicationShutdownHook] com.zaxxer.hikari.HikariDataSource       : HikariPool-1 - Shutdown initiated...
2026-01-05T15:01:18.705+02:00  INFO 20276 --- [webshop] [SpringApplicationShutdownHook] com.zaxxer.hikari.HikariDataSource       : HikariPool-1 - Shutdown completed.
2026-01-05T15:01:23.136+02:00  INFO 27032 --- [webshop] [main] ee.mihkel.webshop.WebshopApplication     : Starting WebshopApplication using Java 24.0.1 with PID 27032 (C:\Users\Admin\koolitused\backend-12-2025\webshop\target\classes started by Admin in C:\Users\Admin\koolitused\backend-12-2025\webshop)
2026-01-05T15:01:23.142+02:00  INFO 27032 --- [webshop] [main] ee.mihkel.webshop.WebshopApplication     : No active profile set, falling back to 1 default profile: "default"
2026-01-05T15:01:23.838+02:00  INFO 27032 --- [webshop] [main] .s.d.r.c.RepositoryConfigurationDelegate : Bootstrapping Spring Data JPA repositories in DEFAULT mode.
2026-01-05T15:01:23.899+02:00  INFO 27032 --- [webshop] [main] .s.d.r.c.RepositoryConfigurationDelegate : Finished Spring Data repository scanning in 49 ms. Found 4 JPA repository interfaces.
2026-01-05T15:01:24.318+02:00  INFO 27032 --- [webshop] [main] o.s.boot.tomcat.TomcatWebServer          : Tomcat initialized with port 8080 (http)
2026-01-05T15:01:24.332+02:00  INFO 27032 --- [webshop] [main] o.apache.catalina.core.StandardService   : Starting service [Tomcat]
2026-01-05T15:01:24.332+02:00  INFO 27032 --- [webshop] [main] o.apache.catalina.core.StandardEngine    : Starting Servlet engine: [Apache Tomcat/11.0.14]
2026-01-05T15:01:24.381+02:00  INFO 27032 --- [webshop] [main] b.w.c.s.WebApplicationContextInitializer : Root WebApplicationContext: initialization completed in 1177 ms
2026-01-05T15:01:24.533+02:00  INFO 27032 --- [webshop] [main] o.hibernate.jpa.internal.util.LogHelper  : HHH000204: Processing PersistenceUnitInfo [name: default]
2026-01-05T15:01:24.586+02:00  INFO 27032 --- [webshop] [main] org.hibernate.Version                    : HHH000412: Hibernate ORM core version 7.1.8.Final
2026-01-05T15:01:25.113+02:00  INFO 27032 --- [webshop] [main] o.s.o.j.p.SpringPersistenceUnitInfo      : No LoadTimeWeaver setup: ignoring JPA class transformer
2026-01-05T15:01:25.154+02:00  INFO 27032 --- [webshop] [main] com.zaxxer.hikari.HikariDataSource       : HikariPool-1 - Starting...
2026-01-05T15:01:25.344+02:00  INFO 27032 --- [webshop] [main] com.zaxxer.hikari.pool.HikariPool        : HikariPool-1 - Added connection org.postgresql.jdbc.PgConnection@4e756867
2026-01-05T15:01:25.346+02:00  INFO 27032 --- [webshop] [main] com.zaxxer.hikari.HikariDataSource       : HikariPool-1 - Start completed.
2026-01-05T15:01:25.432+02:00  INFO 27032 --- [webshop] [main] org.hibernate.orm.connections.pooling    : HHH10001005: Database info:
	Database JDBC URL [jdbc:postgresql://localhost:5432/veebipood]
	Database driver: PostgreSQL JDBC Driver
	Database dialect: PostgreSQLDialect
	Database version: 16.2
	Default catalog/schema: veebipood/public
	Autocommit mode: undefined/unknown
	Isolation level: READ_COMMITTED [default READ_COMMITTED]
	JDBC fetch size: none
	Pool: DatasourceConnectionProviderImpl
	Minimum pool size: undefined/unknown
	Maximum pool size: undefined/unknown
2026-01-05T15:01:26.612+02:00  INFO 27032 --- [webshop] [main] o.h.e.t.j.p.i.JtaPlatformInitiator       : HHH000489: No JTA platform available (set 'hibernate.transaction.jta.platform' to enable JTA platform integration)
2026-01-05T15:01:26.777+02:00  INFO 27032 --- [webshop] [main] j.LocalContainerEntityManagerFactoryBean : Initialized JPA EntityManagerFactory for persistence unit 'default'
2026-01-05T15:01:26.884+02:00  INFO 27032 --- [webshop] [main] o.s.d.j.r.query.QueryEnhancerFactories   : Hibernate is in classpath; If applicable, HQL parser will be used.
2026-01-05T15:01:27.176+02:00  WARN 27032 --- [webshop] [main] JpaBaseConfiguration$JpaWebConfiguration : spring.jpa.open-in-view is enabled by default. Therefore, database queries may be performed during view rendering. Explicitly configure spring.jpa.open-in-view to disable this warning
2026-01-05T15:01:27.770+02:00  INFO 27032 --- [webshop] [main] o.s.boot.tomcat.TomcatWebServer          : Tomcat started on port 8080 (http) with context path '/'
2026-01-05T15:01:27.780+02:00  INFO 27032 --- [webshop] [main] ee.mihkel.webshop.WebshopApplication     : Started WebshopApplication in 5.285 seconds (process running for 6.184)
2026-01-05T15:01:28.752+02:00  INFO 27032 --- [webshop] [http-nio-8080-exec-1] o.a.c.c.C.[Tomcat].[localhost].[/]       : Initializing Spring DispatcherServlet 'dispatcherServlet'
2026-01-05T15:01:28.752+02:00  INFO 27032 --- [webshop] [http-nio-8080-exec-1] o.s.web.servlet.DispatcherServlet        : Initializing Servlet 'dispatcherServlet'
2026-01-05T15:01:28.754+02:00  INFO 27032 --- [webshop] [http-nio-8080-exec-1] o.s.web.servlet.DispatcherServlet        : Completed initialization in 2 ms
2026-01-05T15:01:43.365+02:00  INFO 27032 --- [webshop] [SpringApplicationShutdownHook] o.s.boot.tomcat.GracefulShutdown         : Commencing graceful shutdown. Waiting for active requests to complete
2026-01-05T15:01:43.376+02:00  INFO 27032 --- [webshop] [tomcat-shutdown] o.s.boot.tomcat.GracefulShutdown         : Graceful shutdown complete
2026-01-05T15:01:43.381+02:00  INFO 27032 --- [webshop] [SpringApplicationShutdownHook] j.LocalContainerEntityManagerFactoryBean : Closing JPA EntityManagerFactory for persistence unit 'default'
2026-01-05T15:01:43.385+02:00  INFO 27032 --- [webshop] [SpringApplicationShutdownHook] com.zaxxer.hikari.HikariDataSource       : HikariPool-1 - Shutdown initiated...
2026-01-05T15:01:43.387+02:00  INFO 27032 --- [webshop] [SpringApplicationShutdownHook] com.zaxxer.hikari.HikariDataSource       : HikariPool-1 - Shutdown completed.
2026-01-05T15:01:47.714+02:00  INFO 28984 --- [webshop] [main] ee.mihkel.webshop.WebshopApplication     : Starting WebshopApplication using Java 24.0.1 with PID 28984 (C:\Users\Admin\koolitused\backend-12-2025\webshop\target\classes started by Admin in C:\Users\Admin\koolitused\backend-12-2025\webshop)
2026-01-05T15:01:47.719+02:00  INFO 28984 --- [webshop] [main] ee.mihkel.webshop.WebshopApplication     : No active profile set, falling back to 1 default profile: "default"
2026-01-05T15:01:48.439+02:00  INFO 28984 --- [webshop] [main] .s.d.r.c.RepositoryConfigurationDelegate : Bootstrapping Spring Data JPA repositories in DEFAULT mode.
2026-01-05T15:01:48.500+02:00  INFO 28984 --- [webshop] [main] .s.d.r.c.RepositoryConfigurationDelegate : Finished Spring Data repository scanning in 53 ms. Found 4 JPA repository interfaces.
2026-01-05T15:01:48.908+02:00  INFO 28984 --- [webshop] [main] o.s.boot.tomcat.TomcatWebServer          : Tomcat initialized with port 8080 (http)
2026-01-05T15:01:48.919+02:00  INFO 28984 --- [webshop] [main] o.apache.catalina.core.StandardService   : Starting service [Tomcat]
2026-01-05T15:01:48.919+02:00  INFO 28984 --- [webshop] [main] o.apache.catalina.core.StandardEngine    : Starting Servlet engine: [Apache Tomcat/11.0.14]
2026-01-05T15:01:48.959+02:00  INFO 28984 --- [webshop] [main] b.w.c.s.WebApplicationContextInitializer : Root WebApplicationContext: initialization completed in 1160 ms
2026-01-05T15:01:49.095+02:00  INFO 28984 --- [webshop] [main] o.hibernate.jpa.internal.util.LogHelper  : HHH000204: Processing PersistenceUnitInfo [name: default]
2026-01-05T15:01:49.142+02:00  INFO 28984 --- [webshop] [main] org.hibernate.Version                    : HHH000412: Hibernate ORM core version 7.1.8.Final
2026-01-05T15:01:49.570+02:00  INFO 28984 --- [webshop] [main] o.s.o.j.p.SpringPersistenceUnitInfo      : No LoadTimeWeaver setup: ignoring JPA class transformer
2026-01-05T15:01:49.602+02:00  INFO 28984 --- [webshop] [main] com.zaxxer.hikari.HikariDataSource       : HikariPool-1 - Starting...
2026-01-05T15:01:49.755+02:00  INFO 28984 --- [webshop] [main] com.zaxxer.hikari.pool.HikariPool        : HikariPool-1 - Added connection org.postgresql.jdbc.PgConnection@45ad3cd8
2026-01-05T15:01:49.757+02:00  INFO 28984 --- [webshop] [main] com.zaxxer.hikari.HikariDataSource       : HikariPool-1 - Start completed.
2026-01-05T15:01:49.828+02:00  INFO 28984 --- [webshop] [main] org.hibernate.orm.connections.pooling    : HHH10001005: Database info:
	Database JDBC URL [jdbc:postgresql://localhost:5432/veebipood]
	Database driver: PostgreSQL JDBC Driver
	Database dialect: PostgreSQLDialect
	Database version: 16.2
	Default catalog/schema: veebipood/public
	Autocommit mode: undefined/unknown
	Isolation level: READ_COMMITTED [default READ_COMMITTED]
	JDBC fetch size: none
	Pool: DatasourceConnectionProviderImpl
	Minimum pool size: undefined/unknown
	Maximum pool size: undefined/unknown
2026-01-05T15:01:50.783+02:00  INFO 28984 --- [webshop] [main] o.h.e.t.j.p.i.JtaPlatformInitiator       : HHH000489: No JTA platform available (set 'hibernate.transaction.jta.platform' to enable JTA platform integration)
2026-01-05T15:01:50.912+02:00  INFO 28984 --- [webshop] [main] j.LocalContainerEntityManagerFactoryBean : Initialized JPA EntityManagerFactory for persistence unit 'default'
2026-01-05T15:01:50.989+02:00  INFO 28984 --- [webshop] [main] o.s.d.j.r.query.QueryEnhancerFactories   : Hibernate is in classpath; If applicable, HQL parser will be used.
2026-01-05T15:01:51.213+02:00  WARN 28984 --- [webshop] [main] JpaBaseConfiguration$JpaWebConfiguration : spring.jpa.open-in-view is enabled by default. Therefore, database queries may be performed during view rendering. Explicitly configure spring.jpa.open-in-view to disable this warning
2026-01-05T15:01:51.518+02:00  INFO 28984 --- [webshop] [main] o.s.boot.tomcat.TomcatWebServer          : Tomcat started on port 8080 (http) with context path '/'
2026-01-05T15:01:51.525+02:00  INFO 28984 --- [webshop] [main] ee.mihkel.webshop.WebshopApplication     : Started WebshopApplication in 4.324 seconds (process running for 5.089)
2026-01-05T15:01:55.442+02:00  INFO 28984 --- [webshop] [http-nio-8080-exec-1] o.a.c.c.C.[Tomcat].[localhost].[/]       : Initializing Spring DispatcherServlet 'dispatcherServlet'
2026-01-05T15:01:55.444+02:00  INFO 28984 --- [webshop] [http-nio-8080-exec-1] o.s.web.servlet.DispatcherServlet        : Initializing Servlet 'dispatcherServlet'
2026-01-05T15:01:55.446+02:00  INFO 28984 --- [webshop] [http-nio-8080-exec-1] o.s.web.servlet.DispatcherServlet        : Completed initialization in 2 ms
2026-01-05T15:03:08.488+02:00  INFO 28984 --- [webshop] [SpringApplicationShutdownHook] o.s.boot.tomcat.GracefulShutdown         : Commencing graceful shutdown. Waiting for active requests to complete
2026-01-05T15:03:08.497+02:00  INFO 28984 --- [webshop] [tomcat-shutdown] o.s.boot.tomcat.GracefulShutdown         : Graceful shutdown complete
2026-01-05T15:03:08.504+02:00  INFO 28984 --- [webshop] [SpringApplicationShutdownHook] j.LocalContainerEntityManagerFactoryBean : Closing JPA EntityManagerFactory for persistence unit 'default'
2026-01-05T15:03:08.507+02:00  INFO 28984 --- [webshop] [SpringApplicationShutdownHook] com.zaxxer.hikari.HikariDataSource       : HikariPool-1 - Shutdown initiated...
2026-01-05T15:03:08.512+02:00  INFO 28984 --- [webshop] [SpringApplicationShutdownHook] com.zaxxer.hikari.HikariDataSource       : HikariPool-1 - Shutdown completed.
2026-01-05T15:03:13.109+02:00  INFO 21980 --- [webshop] [main] ee.mihkel.webshop.WebshopApplication     : Starting WebshopApplication using Java 24.0.1 with PID 21980 (C:\Users\Admin\koolitused\backend-12-2025\webshop\target\classes started by Admin in C:\Users\Admin\koolitused\backend-12-2025\webshop)
2026-01-05T15:03:13.112+02:00  INFO 21980 --- [webshop] [main] ee.mihkel.webshop.WebshopApplication     : No active profile set, falling back to 1 default profile: "default"
2026-01-05T15:03:13.772+02:00  INFO 21980 --- [webshop] [main] .s.d.r.c.RepositoryConfigurationDelegate : Bootstrapping Spring Data JPA repositories in DEFAULT mode.
2026-01-05T15:03:13.827+02:00  INFO 21980 --- [webshop] [main] .s.d.r.c.RepositoryConfigurationDelegate : Finished Spring Data repository scanning in 47 ms. Found 4 JPA repository interfaces.
2026-01-05T15:03:14.230+02:00  INFO 21980 --- [webshop] [main] o.s.boot.tomcat.TomcatWebServer          : Tomcat initialized with port 8080 (http)
2026-01-05T15:03:14.242+02:00  INFO 21980 --- [webshop] [main] o.apache.catalina.core.StandardService   : Starting service [Tomcat]
2026-01-05T15:03:14.242+02:00  INFO 21980 --- [webshop] [main] o.apache.catalina.core.StandardEngine    : Starting Servlet engine: [Apache Tomcat/11.0.14]
2026-01-05T15:03:14.282+02:00  INFO 21980 --- [webshop] [main] b.w.c.s.WebApplicationContextInitializer : Root WebApplicationContext: initialization completed in 1120 ms
2026-01-05T15:03:14.436+02:00  INFO 21980 --- [webshop] [main] o.hibernate.jpa.internal.util.LogHelper  : HHH000204: Processing PersistenceUnitInfo [name: default]
2026-01-05T15:03:14.504+02:00  INFO 21980 --- [webshop] [main] org.hibernate.Version                    : HHH000412: Hibernate ORM core version 7.1.8.Final
2026-01-05T15:03:14.958+02:00  INFO 21980 --- [webshop] [main] o.s.o.j.p.SpringPersistenceUnitInfo      : No LoadTimeWeaver setup: ignoring JPA class transformer
2026-01-05T15:03:14.989+02:00  INFO 21980 --- [webshop] [main] com.zaxxer.hikari.HikariDataSource       : HikariPool-1 - Starting...
2026-01-05T15:03:15.142+02:00  INFO 21980 --- [webshop] [main] com.zaxxer.hikari.pool.HikariPool        : HikariPool-1 - Added connection org.postgresql.jdbc.PgConnection@6adcf059
2026-01-05T15:03:15.144+02:00  INFO 21980 --- [webshop] [main] com.zaxxer.hikari.HikariDataSource       : HikariPool-1 - Start completed.
2026-01-05T15:03:15.221+02:00  INFO 21980 --- [webshop] [main] org.hibernate.orm.connections.pooling    : HHH10001005: Database info:
	Database JDBC URL [jdbc:postgresql://localhost:5432/veebipood]
	Database driver: PostgreSQL JDBC Driver
	Database dialect: PostgreSQLDialect
	Database version: 16.2
	Default catalog/schema: veebipood/public
	Autocommit mode: undefined/unknown
	Isolation level: READ_COMMITTED [default READ_COMMITTED]
	JDBC fetch size: none
	Pool: DatasourceConnectionProviderImpl
	Minimum pool size: undefined/unknown
	Maximum pool size: undefined/unknown
2026-01-05T15:03:16.263+02:00  INFO 21980 --- [webshop] [main] o.h.e.t.j.p.i.JtaPlatformInitiator       : HHH000489: No JTA platform available (set 'hibernate.transaction.jta.platform' to enable JTA platform integration)
2026-01-05T15:03:16.408+02:00  INFO 21980 --- [webshop] [main] j.LocalContainerEntityManagerFactoryBean : Initialized JPA EntityManagerFactory for persistence unit 'default'
2026-01-05T15:03:16.504+02:00  INFO 21980 --- [webshop] [main] o.s.d.j.r.query.QueryEnhancerFactories   : Hibernate is in classpath; If applicable, HQL parser will be used.
2026-01-05T15:03:16.733+02:00  WARN 21980 --- [webshop] [main] JpaBaseConfiguration$JpaWebConfiguration : spring.jpa.open-in-view is enabled by default. Therefore, database queries may be performed during view rendering. Explicitly configure spring.jpa.open-in-view to disable this warning
2026-01-05T15:03:17.065+02:00  INFO 21980 --- [webshop] [main] o.s.boot.tomcat.TomcatWebServer          : Tomcat started on port 8080 (http) with context path '/'
2026-01-05T15:03:17.071+02:00  INFO 21980 --- [webshop] [main] ee.mihkel.webshop.WebshopApplication     : Started WebshopApplication in 4.477 seconds (process running for 5.307)
2026-01-05T15:03:42.765+02:00  INFO 21980 --- [webshop] [http-nio-8080-exec-1] o.a.c.c.C.[Tomcat].[localhost].[/]       : Initializing Spring DispatcherServlet 'dispatcherServlet'
2026-01-05T15:03:42.765+02:00  INFO 21980 --- [webshop] [http-nio-8080-exec-1] o.s.web.servlet.DispatcherServlet        : Initializing Servlet 'dispatcherServlet'
2026-01-05T15:03:42.767+02:00  INFO 21980 --- [webshop] [http-nio-8080-exec-1] o.s.web.servlet.DispatcherServlet        : Completed initialization in 2 ms
2026-01-05T15:29:09.326+02:00  INFO 21980 --- [webshop] [SpringApplicationShutdownHook] o.s.boot.tomcat.GracefulShutdown         : Commencing graceful shutdown. Waiting for active requests to complete
2026-01-05T15:29:09.336+02:00  INFO 21980 --- [webshop] [tomcat-shutdown] o.s.boot.tomcat.GracefulShutdown         : Graceful shutdown complete
2026-01-05T15:29:09.342+02:00  INFO 21980 --- [webshop] [SpringApplicationShutdownHook] j.LocalContainerEntityManagerFactoryBean : Closing JPA EntityManagerFactory for persistence unit 'default'
2026-01-05T15:29:09.346+02:00  INFO 21980 --- [webshop] [SpringApplicationShutdownHook] com.zaxxer.hikari.HikariDataSource       : HikariPool-1 - Shutdown initiated...
2026-01-05T15:29:09.348+02:00  INFO 21980 --- [webshop] [SpringApplicationShutdownHook] com.zaxxer.hikari.HikariDataSource       : HikariPool-1 - Shutdown completed.
2026-01-05T15:29:14.366+02:00  INFO 8660 --- [webshop] [main] ee.mihkel.webshop.WebshopApplication     : Starting WebshopApplication using Java 24.0.1 with PID 8660 (C:\Users\Admin\koolitused\backend-12-2025\webshop\target\classes started by Admin in C:\Users\Admin\koolitused\backend-12-2025\webshop)
2026-01-05T15:29:14.371+02:00  INFO 8660 --- [webshop] [main] ee.mihkel.webshop.WebshopApplication     : No active profile set, falling back to 1 default profile: "default"
2026-01-05T15:29:15.108+02:00  INFO 8660 --- [webshop] [main] .s.d.r.c.RepositoryConfigurationDelegate : Bootstrapping Spring Data JPA repositories in DEFAULT mode.
2026-01-05T15:29:15.164+02:00  INFO 8660 --- [webshop] [main] .s.d.r.c.RepositoryConfigurationDelegate : Finished Spring Data repository scanning in 49 ms. Found 4 JPA repository interfaces.
2026-01-05T15:29:15.629+02:00  INFO 8660 --- [webshop] [main] o.s.boot.tomcat.TomcatWebServer          : Tomcat initialized with port 8080 (http)
2026-01-05T15:29:15.642+02:00  INFO 8660 --- [webshop] [main] o.apache.catalina.core.StandardService   : Starting service [Tomcat]
2026-01-05T15:29:15.642+02:00  INFO 8660 --- [webshop] [main] o.apache.catalina.core.StandardEngine    : Starting Servlet engine: [Apache Tomcat/11.0.14]
2026-01-05T15:29:15.698+02:00  INFO 8660 --- [webshop] [main] b.w.c.s.WebApplicationContextInitializer : Root WebApplicationContext: initialization completed in 1273 ms
2026-01-05T15:29:15.866+02:00  INFO 8660 --- [webshop] [main] o.hibernate.jpa.internal.util.LogHelper  : HHH000204: Processing PersistenceUnitInfo [name: default]
2026-01-05T15:29:15.917+02:00  INFO 8660 --- [webshop] [main] org.hibernate.Version                    : HHH000412: Hibernate ORM core version 7.1.8.Final
2026-01-05T15:29:16.374+02:00  INFO 8660 --- [webshop] [main] o.s.o.j.p.SpringPersistenceUnitInfo      : No LoadTimeWeaver setup: ignoring JPA class transformer
2026-01-05T15:29:16.409+02:00  INFO 8660 --- [webshop] [main] com.zaxxer.hikari.HikariDataSource       : HikariPool-1 - Starting...
2026-01-05T15:29:16.589+02:00  INFO 8660 --- [webshop] [main] com.zaxxer.hikari.pool.HikariPool        : HikariPool-1 - Added connection org.postgresql.jdbc.PgConnection@1aa59698
2026-01-05T15:29:16.591+02:00  INFO 8660 --- [webshop] [main] com.zaxxer.hikari.HikariDataSource       : HikariPool-1 - Start completed.
2026-01-05T15:29:16.663+02:00  INFO 8660 --- [webshop] [main] org.hibernate.orm.connections.pooling    : HHH10001005: Database info:
	Database JDBC URL [jdbc:postgresql://localhost:5432/veebipood]
	Database driver: PostgreSQL JDBC Driver
	Database dialect: PostgreSQLDialect
	Database version: 16.2
	Default catalog/schema: veebipood/public
	Autocommit mode: undefined/unknown
	Isolation level: READ_COMMITTED [default READ_COMMITTED]
	JDBC fetch size: none
	Pool: DatasourceConnectionProviderImpl
	Minimum pool size: undefined/unknown
	Maximum pool size: undefined/unknown
2026-01-05T15:29:17.672+02:00  INFO 8660 --- [webshop] [main] o.h.e.t.j.p.i.JtaPlatformInitiator       : HHH000489: No JTA platform available (set 'hibernate.transaction.jta.platform' to enable JTA platform integration)
2026-01-05T15:29:17.806+02:00  INFO 8660 --- [webshop] [main] j.LocalContainerEntityManagerFactoryBean : Initialized JPA EntityManagerFactory for persistence unit 'default'
2026-01-05T15:29:17.909+02:00  INFO 8660 --- [webshop] [main] o.s.d.j.r.query.QueryEnhancerFactories   : Hibernate is in classpath; If applicable, HQL parser will be used.
2026-01-05T15:29:18.146+02:00  WARN 8660 --- [webshop] [main] JpaBaseConfiguration$JpaWebConfiguration : spring.jpa.open-in-view is enabled by default. Therefore, database queries may be performed during view rendering. Explicitly configure spring.jpa.open-in-view to disable this warning
2026-01-05T15:29:18.495+02:00  INFO 8660 --- [webshop] [main] o.s.boot.tomcat.TomcatWebServer          : Tomcat started on port 8080 (http) with context path '/'
2026-01-05T15:29:18.501+02:00  INFO 8660 --- [webshop] [main] ee.mihkel.webshop.WebshopApplication     : Started WebshopApplication in 4.709 seconds (process running for 5.692)
2026-01-05T15:30:04.463+02:00  INFO 8660 --- [webshop] [SpringApplicationShutdownHook] o.s.boot.tomcat.GracefulShutdown         : Commencing graceful shutdown. Waiting for active requests to complete
2026-01-05T15:30:04.473+02:00  INFO 8660 --- [webshop] [tomcat-shutdown] o.s.boot.tomcat.GracefulShutdown         : Graceful shutdown complete
2026-01-05T15:30:04.478+02:00  INFO 8660 --- [webshop] [SpringApplicationShutdownHook] j.LocalContainerEntityManagerFactoryBean : Closing JPA EntityManagerFactory for persistence unit 'default'
2026-01-05T15:30:04.483+02:00  INFO 8660 --- [webshop] [SpringApplicationShutdownHook] com.zaxxer.hikari.HikariDataSource       : HikariPool-1 - Shutdown initiated...
2026-01-05T15:30:04.485+02:00  INFO 8660 --- [webshop] [SpringApplicationShutdownHook] com.zaxxer.hikari.HikariDataSource       : HikariPool-1 - Shutdown completed.
2026-01-05T15:30:09.477+02:00  INFO 17740 --- [webshop] [main] ee.mihkel.webshop.WebshopApplication     : Starting WebshopApplication using Java 24.0.1 with PID 17740 (C:\Users\Admin\koolitused\backend-12-2025\webshop\target\classes started by Admin in C:\Users\Admin\koolitused\backend-12-2025\webshop)
2026-01-05T15:30:09.482+02:00  INFO 17740 --- [webshop] [main] ee.mihkel.webshop.WebshopApplication     : No active profile set, falling back to 1 default profile: "default"
2026-01-05T15:30:10.180+02:00  INFO 17740 --- [webshop] [main] .s.d.r.c.RepositoryConfigurationDelegate : Bootstrapping Spring Data JPA repositories in DEFAULT mode.
2026-01-05T15:30:10.248+02:00  INFO 17740 --- [webshop] [main] .s.d.r.c.RepositoryConfigurationDelegate : Finished Spring Data repository scanning in 60 ms. Found 4 JPA repository interfaces.
2026-01-05T15:30:10.711+02:00  INFO 17740 --- [webshop] [main] o.s.boot.tomcat.TomcatWebServer          : Tomcat initialized with port 8080 (http)
2026-01-05T15:30:10.726+02:00  INFO 17740 --- [webshop] [main] o.apache.catalina.core.StandardService   : Starting service [Tomcat]
2026-01-05T15:30:10.728+02:00  INFO 17740 --- [webshop] [main] o.apache.catalina.core.StandardEngine    : Starting Servlet engine: [Apache Tomcat/11.0.14]
2026-01-05T15:30:10.774+02:00  INFO 17740 --- [webshop] [main] b.w.c.s.WebApplicationContextInitializer : Root WebApplicationContext: initialization completed in 1232 ms
2026-01-05T15:30:10.928+02:00  INFO 17740 --- [webshop] [main] o.hibernate.jpa.internal.util.LogHelper  : HHH000204: Processing PersistenceUnitInfo [name: default]
2026-01-05T15:30:10.978+02:00  INFO 17740 --- [webshop] [main] org.hibernate.Version                    : HHH000412: Hibernate ORM core version 7.1.8.Final
2026-01-05T15:30:11.435+02:00  INFO 17740 --- [webshop] [main] o.s.o.j.p.SpringPersistenceUnitInfo      : No LoadTimeWeaver setup: ignoring JPA class transformer
2026-01-05T15:30:11.466+02:00  INFO 17740 --- [webshop] [main] com.zaxxer.hikari.HikariDataSource       : HikariPool-1 - Starting...
2026-01-05T15:30:11.608+02:00  INFO 17740 --- [webshop] [main] com.zaxxer.hikari.pool.HikariPool        : HikariPool-1 - Added connection org.postgresql.jdbc.PgConnection@1e7cfd49
2026-01-05T15:30:11.611+02:00  INFO 17740 --- [webshop] [main] com.zaxxer.hikari.HikariDataSource       : HikariPool-1 - Start completed.
2026-01-05T15:30:11.684+02:00  INFO 17740 --- [webshop] [main] org.hibernate.orm.connections.pooling    : HHH10001005: Database info:
	Database JDBC URL [jdbc:postgresql://localhost:5432/veebipood]
	Database driver: PostgreSQL JDBC Driver
	Database dialect: PostgreSQLDialect
	Database version: 16.2
	Default catalog/schema: veebipood/public
	Autocommit mode: undefined/unknown
	Isolation level: READ_COMMITTED [default READ_COMMITTED]
	JDBC fetch size: none
	Pool: DatasourceConnectionProviderImpl
	Minimum pool size: undefined/unknown
	Maximum pool size: undefined/unknown
2026-01-05T15:30:12.670+02:00  INFO 17740 --- [webshop] [main] o.h.e.t.j.p.i.JtaPlatformInitiator       : HHH000489: No JTA platform available (set 'hibernate.transaction.jta.platform' to enable JTA platform integration)
2026-01-05T15:30:12.804+02:00  INFO 17740 --- [webshop] [main] j.LocalContainerEntityManagerFactoryBean : Initialized JPA EntityManagerFactory for persistence unit 'default'
2026-01-05T15:30:12.893+02:00  INFO 17740 --- [webshop] [main] o.s.d.j.r.query.QueryEnhancerFactories   : Hibernate is in classpath; If applicable, HQL parser will be used.
2026-01-05T15:30:13.085+02:00  WARN 17740 --- [webshop] [main] ConfigServletWebServerApplicationContext : Exception encountered during context initialization - cancelling refresh attempt: org.springframework.beans.factory.UnsatisfiedDependencyException: Error creating bean with name 'personController': Unsatisfied dependency expressed through field 'mapper': No qualifying bean of type 'org.modelmapper.ModelMapper' available: expected single matching bean but found 2: modelMapper,getModelMapper
2026-01-05T15:30:13.085+02:00  INFO 17740 --- [webshop] [main] j.LocalContainerEntityManagerFactoryBean : Closing JPA EntityManagerFactory for persistence unit 'default'
2026-01-05T15:30:13.087+02:00  INFO 17740 --- [webshop] [main] com.zaxxer.hikari.HikariDataSource       : HikariPool-1 - Shutdown initiated...
2026-01-05T15:30:13.090+02:00  INFO 17740 --- [webshop] [main] com.zaxxer.hikari.HikariDataSource       : HikariPool-1 - Shutdown completed.
2026-01-05T15:30:13.096+02:00  INFO 17740 --- [webshop] [main] o.apache.catalina.core.StandardService   : Stopping service [Tomcat]
2026-01-05T15:30:13.106+02:00  INFO 17740 --- [webshop] [main] .s.b.a.l.ConditionEvaluationReportLogger : 

Error starting ApplicationContext. To display the condition evaluation report re-run your application with 'debug' enabled.
2026-01-05T15:30:13.124+02:00 ERROR 17740 --- [webshop] [main] o.s.b.d.LoggingFailureAnalysisReporter   : 

***************************
APPLICATION FAILED TO START
***************************

Description:

Field mapper in ee.mihkel.webshop.controller.PersonController required a single bean, but 2 were found:
	- modelMapper: defined by method 'modelMapper' in class path resource [ee/mihkel/webshop/config/AppConfig.class]
	- getModelMapper: defined by method 'getModelMapper' in class path resource [ee/mihkel/webshop/config/AppConfig.class]

This may be due to missing parameter name information

Action:

Consider marking one of the beans as @Primary, updating the consumer to accept multiple beans, or using @Qualifier to identify the bean that should be consumed

Ensure that your compiler is configured to use the '-parameters' flag.
You may need to update both your build tool settings as well as your IDE.
(See https://github.com/spring-projects/spring-framework/wiki/Spring-Framework-6.1-Release-Notes#parameter-name-retention)


2026-01-05T15:34:00.989+02:00  INFO 28768 --- [webshop] [main] ee.mihkel.webshop.WebshopApplication     : Starting WebshopApplication using Java 24.0.1 with PID 28768 (C:\Users\Admin\koolitused\backend-12-2025\webshop\target\classes started by Admin in C:\Users\Admin\koolitused\backend-12-2025\webshop)
2026-01-05T15:34:00.995+02:00  INFO 28768 --- [webshop] [main] ee.mihkel.webshop.WebshopApplication     : No active profile set, falling back to 1 default profile: "default"
2026-01-05T15:34:01.811+02:00  INFO 28768 --- [webshop] [main] .s.d.r.c.RepositoryConfigurationDelegate : Bootstrapping Spring Data JPA repositories in DEFAULT mode.
2026-01-05T15:34:01.875+02:00  INFO 28768 --- [webshop] [main] .s.d.r.c.RepositoryConfigurationDelegate : Finished Spring Data repository scanning in 55 ms. Found 4 JPA repository interfaces.
2026-01-05T15:34:02.312+02:00  INFO 28768 --- [webshop] [main] o.s.boot.tomcat.TomcatWebServer          : Tomcat initialized with port 8080 (http)
2026-01-05T15:34:02.329+02:00  INFO 28768 --- [webshop] [main] o.apache.catalina.core.StandardService   : Starting service [Tomcat]
2026-01-05T15:34:02.329+02:00  INFO 28768 --- [webshop] [main] o.apache.catalina.core.StandardEngine    : Starting Servlet engine: [Apache Tomcat/11.0.14]
2026-01-05T15:34:02.380+02:00  INFO 28768 --- [webshop] [main] b.w.c.s.WebApplicationContextInitializer : Root WebApplicationContext: initialization completed in 1318 ms
2026-01-05T15:34:02.577+02:00  INFO 28768 --- [webshop] [main] o.hibernate.jpa.internal.util.LogHelper  : HHH000204: Processing PersistenceUnitInfo [name: default]
2026-01-05T15:34:02.626+02:00  INFO 28768 --- [webshop] [main] org.hibernate.Version                    : HHH000412: Hibernate ORM core version 7.1.8.Final
2026-01-05T15:34:03.126+02:00  INFO 28768 --- [webshop] [main] o.s.o.j.p.SpringPersistenceUnitInfo      : No LoadTimeWeaver setup: ignoring JPA class transformer
2026-01-05T15:34:03.166+02:00  INFO 28768 --- [webshop] [main] com.zaxxer.hikari.HikariDataSource       : HikariPool-1 - Starting...
2026-01-05T15:34:03.331+02:00  INFO 28768 --- [webshop] [main] com.zaxxer.hikari.pool.HikariPool        : HikariPool-1 - Added connection org.postgresql.jdbc.PgConnection@178dc733
2026-01-05T15:34:03.334+02:00  INFO 28768 --- [webshop] [main] com.zaxxer.hikari.HikariDataSource       : HikariPool-1 - Start completed.
2026-01-05T15:34:03.417+02:00  INFO 28768 --- [webshop] [main] org.hibernate.orm.connections.pooling    : HHH10001005: Database info:
	Database JDBC URL [jdbc:postgresql://localhost:5432/veebipood]
	Database driver: PostgreSQL JDBC Driver
	Database dialect: PostgreSQLDialect
	Database version: 16.2
	Default catalog/schema: veebipood/public
	Autocommit mode: undefined/unknown
	Isolation level: READ_COMMITTED [default READ_COMMITTED]
	JDBC fetch size: none
	Pool: DatasourceConnectionProviderImpl
	Minimum pool size: undefined/unknown
	Maximum pool size: undefined/unknown
2026-01-05T15:34:04.648+02:00  INFO 28768 --- [webshop] [main] o.h.e.t.j.p.i.JtaPlatformInitiator       : HHH000489: No JTA platform available (set 'hibernate.transaction.jta.platform' to enable JTA platform integration)
2026-01-05T15:34:04.814+02:00  INFO 28768 --- [webshop] [main] j.LocalContainerEntityManagerFactoryBean : Initialized JPA EntityManagerFactory for persistence unit 'default'
2026-01-05T15:34:04.917+02:00  INFO 28768 --- [webshop] [main] o.s.d.j.r.query.QueryEnhancerFactories   : Hibernate is in classpath; If applicable, HQL parser will be used.
2026-01-05T15:34:05.169+02:00  WARN 28768 --- [webshop] [main] JpaBaseConfiguration$JpaWebConfiguration : spring.jpa.open-in-view is enabled by default. Therefore, database queries may be performed during view rendering. Explicitly configure spring.jpa.open-in-view to disable this warning
2026-01-05T15:34:05.533+02:00  INFO 28768 --- [webshop] [main] o.s.boot.tomcat.TomcatWebServer          : Tomcat started on port 8080 (http) with context path '/'
2026-01-05T15:34:05.538+02:00  INFO 28768 --- [webshop] [main] ee.mihkel.webshop.WebshopApplication     : Started WebshopApplication in 5.063 seconds (process running for 5.948)
2026-01-05T15:36:01.549+02:00  INFO 28768 --- [webshop] [SpringApplicationShutdownHook] o.s.boot.tomcat.GracefulShutdown         : Commencing graceful shutdown. Waiting for active requests to complete
2026-01-05T15:36:01.559+02:00  INFO 28768 --- [webshop] [tomcat-shutdown] o.s.boot.tomcat.GracefulShutdown         : Graceful shutdown complete
2026-01-05T15:36:01.565+02:00  INFO 28768 --- [webshop] [SpringApplicationShutdownHook] j.LocalContainerEntityManagerFactoryBean : Closing JPA EntityManagerFactory for persistence unit 'default'
2026-01-05T15:36:01.569+02:00  INFO 28768 --- [webshop] [SpringApplicationShutdownHook] com.zaxxer.hikari.HikariDataSource       : HikariPool-1 - Shutdown initiated...
2026-01-05T15:36:01.571+02:00  INFO 28768 --- [webshop] [SpringApplicationShutdownHook] com.zaxxer.hikari.HikariDataSource       : HikariPool-1 - Shutdown completed.
2026-01-05T15:36:06.036+02:00  INFO 23584 --- [webshop] [main] ee.mihkel.webshop.WebshopApplication     : Starting WebshopApplication using Java 24.0.1 with PID 23584 (C:\Users\Admin\koolitused\backend-12-2025\webshop\target\classes started by Admin in C:\Users\Admin\koolitused\backend-12-2025\webshop)
2026-01-05T15:36:06.040+02:00  INFO 23584 --- [webshop] [main] ee.mihkel.webshop.WebshopApplication     : No active profile set, falling back to 1 default profile: "default"
2026-01-05T15:36:06.688+02:00  INFO 23584 --- [webshop] [main] .s.d.r.c.RepositoryConfigurationDelegate : Bootstrapping Spring Data JPA repositories in DEFAULT mode.
2026-01-05T15:36:06.744+02:00  INFO 23584 --- [webshop] [main] .s.d.r.c.RepositoryConfigurationDelegate : Finished Spring Data repository scanning in 48 ms. Found 4 JPA repository interfaces.
2026-01-05T15:36:07.181+02:00  INFO 23584 --- [webshop] [main] o.s.boot.tomcat.TomcatWebServer          : Tomcat initialized with port 8080 (http)
2026-01-05T15:36:07.195+02:00  INFO 23584 --- [webshop] [main] o.apache.catalina.core.StandardService   : Starting service [Tomcat]
2026-01-05T15:36:07.195+02:00  INFO 23584 --- [webshop] [main] o.apache.catalina.core.StandardEngine    : Starting Servlet engine: [Apache Tomcat/11.0.14]
2026-01-05T15:36:07.234+02:00  INFO 23584 --- [webshop] [main] b.w.c.s.WebApplicationContextInitializer : Root WebApplicationContext: initialization completed in 1142 ms
2026-01-05T15:36:07.409+02:00  INFO 23584 --- [webshop] [main] o.hibernate.jpa.internal.util.LogHelper  : HHH000204: Processing PersistenceUnitInfo [name: default]
2026-01-05T15:36:07.461+02:00  INFO 23584 --- [webshop] [main] org.hibernate.Version                    : HHH000412: Hibernate ORM core version 7.1.8.Final
2026-01-05T15:36:07.946+02:00  INFO 23584 --- [webshop] [main] o.s.o.j.p.SpringPersistenceUnitInfo      : No LoadTimeWeaver setup: ignoring JPA class transformer
2026-01-05T15:36:07.976+02:00  INFO 23584 --- [webshop] [main] com.zaxxer.hikari.HikariDataSource       : HikariPool-1 - Starting...
2026-01-05T15:36:08.139+02:00  INFO 23584 --- [webshop] [main] com.zaxxer.hikari.pool.HikariPool        : HikariPool-1 - Added connection org.postgresql.jdbc.PgConnection@178dc733
2026-01-05T15:36:08.141+02:00  INFO 23584 --- [webshop] [main] com.zaxxer.hikari.HikariDataSource       : HikariPool-1 - Start completed.
2026-01-05T15:36:08.211+02:00  INFO 23584 --- [webshop] [main] org.hibernate.orm.connections.pooling    : HHH10001005: Database info:
	Database JDBC URL [jdbc:postgresql://localhost:5432/veebipood]
	Database driver: PostgreSQL JDBC Driver
	Database dialect: PostgreSQLDialect
	Database version: 16.2
	Default catalog/schema: veebipood/public
	Autocommit mode: undefined/unknown
	Isolation level: READ_COMMITTED [default READ_COMMITTED]
	JDBC fetch size: none
	Pool: DatasourceConnectionProviderImpl
	Minimum pool size: undefined/unknown
	Maximum pool size: undefined/unknown
2026-01-05T15:36:09.259+02:00  INFO 23584 --- [webshop] [main] o.h.e.t.j.p.i.JtaPlatformInitiator       : HHH000489: No JTA platform available (set 'hibernate.transaction.jta.platform' to enable JTA platform integration)
2026-01-05T15:36:09.391+02:00  INFO 23584 --- [webshop] [main] j.LocalContainerEntityManagerFactoryBean : Initialized JPA EntityManagerFactory for persistence unit 'default'
2026-01-05T15:36:09.498+02:00  INFO 23584 --- [webshop] [main] o.s.d.j.r.query.QueryEnhancerFactories   : Hibernate is in classpath; If applicable, HQL parser will be used.
2026-01-05T15:36:09.734+02:00  WARN 23584 --- [webshop] [main] JpaBaseConfiguration$JpaWebConfiguration : spring.jpa.open-in-view is enabled by default. Therefore, database queries may be performed during view rendering. Explicitly configure spring.jpa.open-in-view to disable this warning
2026-01-05T15:36:10.067+02:00  INFO 23584 --- [webshop] [main] o.s.boot.tomcat.TomcatWebServer          : Tomcat started on port 8080 (http) with context path '/'
2026-01-05T15:36:10.073+02:00  INFO 23584 --- [webshop] [main] ee.mihkel.webshop.WebshopApplication     : Started WebshopApplication in 4.542 seconds (process running for 5.329)
2026-01-05T15:36:23.329+02:00  INFO 23584 --- [webshop] [http-nio-8080-exec-1] o.a.c.c.C.[Tomcat].[localhost].[/]       : Initializing Spring DispatcherServlet 'dispatcherServlet'
2026-01-05T15:36:23.330+02:00  INFO 23584 --- [webshop] [http-nio-8080-exec-1] o.s.web.servlet.DispatcherServlet        : Initializing Servlet 'dispatcherServlet'
2026-01-05T15:36:23.331+02:00  INFO 23584 --- [webshop] [http-nio-8080-exec-1] o.s.web.servlet.DispatcherServlet        : Completed initialization in 1 ms
2026-01-05T15:45:08.475+02:00  INFO 23584 --- [webshop] [SpringApplicationShutdownHook] o.s.boot.tomcat.GracefulShutdown         : Commencing graceful shutdown. Waiting for active requests to complete
2026-01-05T15:45:08.485+02:00  INFO 23584 --- [webshop] [tomcat-shutdown] o.s.boot.tomcat.GracefulShutdown         : Graceful shutdown complete
2026-01-05T15:45:08.488+02:00  INFO 23584 --- [webshop] [SpringApplicationShutdownHook] j.LocalContainerEntityManagerFactoryBean : Closing JPA EntityManagerFactory for persistence unit 'default'
2026-01-05T15:45:08.491+02:00  INFO 23584 --- [webshop] [SpringApplicationShutdownHook] com.zaxxer.hikari.HikariDataSource       : HikariPool-1 - Shutdown initiated...
2026-01-05T15:45:08.496+02:00  INFO 23584 --- [webshop] [SpringApplicationShutdownHook] com.zaxxer.hikari.HikariDataSource       : HikariPool-1 - Shutdown completed.
2026-01-05T15:45:13.125+02:00  INFO 23348 --- [webshop] [main] ee.mihkel.webshop.WebshopApplication     : Starting WebshopApplication using Java 24.0.1 with PID 23348 (C:\Users\Admin\koolitused\backend-12-2025\webshop\target\classes started by Admin in C:\Users\Admin\koolitused\backend-12-2025\webshop)
2026-01-05T15:45:13.130+02:00  INFO 23348 --- [webshop] [main] ee.mihkel.webshop.WebshopApplication     : No active profile set, falling back to 1 default profile: "default"
2026-01-05T15:45:13.848+02:00  INFO 23348 --- [webshop] [main] .s.d.r.c.RepositoryConfigurationDelegate : Bootstrapping Spring Data JPA repositories in DEFAULT mode.
2026-01-05T15:45:13.910+02:00  INFO 23348 --- [webshop] [main] .s.d.r.c.RepositoryConfigurationDelegate : Finished Spring Data repository scanning in 53 ms. Found 4 JPA repository interfaces.
2026-01-05T15:45:14.342+02:00  INFO 23348 --- [webshop] [main] o.s.boot.tomcat.TomcatWebServer          : Tomcat initialized with port 8080 (http)
2026-01-05T15:45:14.356+02:00  INFO 23348 --- [webshop] [main] o.apache.catalina.core.StandardService   : Starting service [Tomcat]
2026-01-05T15:45:14.356+02:00  INFO 23348 --- [webshop] [main] o.apache.catalina.core.StandardEngine    : Starting Servlet engine: [Apache Tomcat/11.0.14]
2026-01-05T15:45:14.397+02:00  INFO 23348 --- [webshop] [main] b.w.c.s.WebApplicationContextInitializer : Root WebApplicationContext: initialization completed in 1210 ms
2026-01-05T15:45:14.541+02:00  INFO 23348 --- [webshop] [main] o.hibernate.jpa.internal.util.LogHelper  : HHH000204: Processing PersistenceUnitInfo [name: default]
2026-01-05T15:45:14.585+02:00  INFO 23348 --- [webshop] [main] org.hibernate.Version                    : HHH000412: Hibernate ORM core version 7.1.8.Final
2026-01-05T15:45:14.986+02:00  INFO 23348 --- [webshop] [main] o.s.o.j.p.SpringPersistenceUnitInfo      : No LoadTimeWeaver setup: ignoring JPA class transformer
2026-01-05T15:45:15.019+02:00  INFO 23348 --- [webshop] [main] com.zaxxer.hikari.HikariDataSource       : HikariPool-1 - Starting...
2026-01-05T15:45:15.169+02:00  INFO 23348 --- [webshop] [main] com.zaxxer.hikari.pool.HikariPool        : HikariPool-1 - Added connection org.postgresql.jdbc.PgConnection@2a531637
2026-01-05T15:45:15.170+02:00  INFO 23348 --- [webshop] [main] com.zaxxer.hikari.HikariDataSource       : HikariPool-1 - Start completed.
2026-01-05T15:45:15.230+02:00  INFO 23348 --- [webshop] [main] org.hibernate.orm.connections.pooling    : HHH10001005: Database info:
	Database JDBC URL [jdbc:postgresql://localhost:5432/veebipood]
	Database driver: PostgreSQL JDBC Driver
	Database dialect: PostgreSQLDialect
	Database version: 16.2
	Default catalog/schema: veebipood/public
	Autocommit mode: undefined/unknown
	Isolation level: READ_COMMITTED [default READ_COMMITTED]
	JDBC fetch size: none
	Pool: DatasourceConnectionProviderImpl
	Minimum pool size: undefined/unknown
	Maximum pool size: undefined/unknown
2026-01-05T15:45:16.114+02:00  INFO 23348 --- [webshop] [main] o.h.e.t.j.p.i.JtaPlatformInitiator       : HHH000489: No JTA platform available (set 'hibernate.transaction.jta.platform' to enable JTA platform integration)
2026-01-05T15:45:16.256+02:00  INFO 23348 --- [webshop] [main] j.LocalContainerEntityManagerFactoryBean : Initialized JPA EntityManagerFactory for persistence unit 'default'
2026-01-05T15:45:16.354+02:00  INFO 23348 --- [webshop] [main] o.s.d.j.r.query.QueryEnhancerFactories   : Hibernate is in classpath; If applicable, HQL parser will be used.
2026-01-05T15:45:16.579+02:00  WARN 23348 --- [webshop] [main] JpaBaseConfiguration$JpaWebConfiguration : spring.jpa.open-in-view is enabled by default. Therefore, database queries may be performed during view rendering. Explicitly configure spring.jpa.open-in-view to disable this warning
2026-01-05T15:45:16.867+02:00  INFO 23348 --- [webshop] [main] o.s.boot.tomcat.TomcatWebServer          : Tomcat started on port 8080 (http) with context path '/'
2026-01-05T15:45:16.871+02:00  INFO 23348 --- [webshop] [main] ee.mihkel.webshop.WebshopApplication     : Started WebshopApplication in 4.256 seconds (process running for 5.046)
2026-01-05T15:45:28.011+02:00  INFO 23348 --- [webshop] [http-nio-8080-exec-1] o.a.c.c.C.[Tomcat].[localhost].[/]       : Initializing Spring DispatcherServlet 'dispatcherServlet'
2026-01-05T15:45:28.013+02:00  INFO 23348 --- [webshop] [http-nio-8080-exec-1] o.s.web.servlet.DispatcherServlet        : Initializing Servlet 'dispatcherServlet'
2026-01-05T15:45:28.015+02:00  INFO 23348 --- [webshop] [http-nio-8080-exec-1] o.s.web.servlet.DispatcherServlet        : Completed initialization in 2 ms
2026-01-05T15:45:28.883+02:00  WARN 23348 --- [webshop] [http-nio-8080-exec-1] ration$PageModule$WarningLoggingModifier : Serializing PageImpl instances as-is is not supported, meaning that there is no guarantee about the stability of the resulting JSON structure!
	For a stable JSON structure, please use Spring Data's PagedModel (globally via @EnableSpringDataWebSupport(pageSerializationMode = VIA_DTO))
	or Spring HATEOAS and Spring Data's PagedResourcesAssembler as documented in https://docs.spring.io/spring-data/commons/reference/repositories/core-extensions.html#core.web.pageables.

2026-01-05T15:49:40.949+02:00  INFO 23348 --- [webshop] [SpringApplicationShutdownHook] o.s.boot.tomcat.GracefulShutdown         : Commencing graceful shutdown. Waiting for active requests to complete
2026-01-05T15:49:40.969+02:00  INFO 23348 --- [webshop] [tomcat-shutdown] o.s.boot.tomcat.GracefulShutdown         : Graceful shutdown complete
2026-01-05T15:49:40.975+02:00  INFO 23348 --- [webshop] [SpringApplicationShutdownHook] j.LocalContainerEntityManagerFactoryBean : Closing JPA EntityManagerFactory for persistence unit 'default'
2026-01-05T15:49:40.978+02:00  INFO 23348 --- [webshop] [SpringApplicationShutdownHook] com.zaxxer.hikari.HikariDataSource       : HikariPool-1 - Shutdown initiated...
2026-01-05T15:49:40.982+02:00  INFO 23348 --- [webshop] [SpringApplicationShutdownHook] com.zaxxer.hikari.HikariDataSource       : HikariPool-1 - Shutdown completed.
2026-01-05T15:49:45.802+02:00  INFO 16264 --- [webshop] [main] ee.mihkel.webshop.WebshopApplication     : Starting WebshopApplication using Java 24.0.1 with PID 16264 (C:\Users\Admin\koolitused\backend-12-2025\webshop\target\classes started by Admin in C:\Users\Admin\koolitused\backend-12-2025\webshop)
2026-01-05T15:49:45.807+02:00  INFO 16264 --- [webshop] [main] ee.mihkel.webshop.WebshopApplication     : No active profile set, falling back to 1 default profile: "default"
2026-01-05T15:49:46.604+02:00  INFO 16264 --- [webshop] [main] .s.d.r.c.RepositoryConfigurationDelegate : Bootstrapping Spring Data JPA repositories in DEFAULT mode.
2026-01-05T15:49:46.678+02:00  INFO 16264 --- [webshop] [main] .s.d.r.c.RepositoryConfigurationDelegate : Finished Spring Data repository scanning in 65 ms. Found 4 JPA repository interfaces.
2026-01-05T15:49:47.156+02:00  INFO 16264 --- [webshop] [main] o.s.boot.tomcat.TomcatWebServer          : Tomcat initialized with port 8080 (http)
2026-01-05T15:49:47.171+02:00  INFO 16264 --- [webshop] [main] o.apache.catalina.core.StandardService   : Starting service [Tomcat]
2026-01-05T15:49:47.171+02:00  INFO 16264 --- [webshop] [main] o.apache.catalina.core.StandardEngine    : Starting Servlet engine: [Apache Tomcat/11.0.14]
2026-01-05T15:49:47.212+02:00  INFO 16264 --- [webshop] [main] b.w.c.s.WebApplicationContextInitializer : Root WebApplicationContext: initialization completed in 1338 ms
2026-01-05T15:49:47.371+02:00  INFO 16264 --- [webshop] [main] o.hibernate.jpa.internal.util.LogHelper  : HHH000204: Processing PersistenceUnitInfo [name: default]
2026-01-05T15:49:47.419+02:00  INFO 16264 --- [webshop] [main] org.hibernate.Version                    : HHH000412: Hibernate ORM core version 7.1.8.Final
2026-01-05T15:49:47.868+02:00  INFO 16264 --- [webshop] [main] o.s.o.j.p.SpringPersistenceUnitInfo      : No LoadTimeWeaver setup: ignoring JPA class transformer
2026-01-05T15:49:47.900+02:00  INFO 16264 --- [webshop] [main] com.zaxxer.hikari.HikariDataSource       : HikariPool-1 - Starting...
2026-01-05T15:49:48.058+02:00  INFO 16264 --- [webshop] [main] com.zaxxer.hikari.pool.HikariPool        : HikariPool-1 - Added connection org.postgresql.jdbc.PgConnection@1e7cfd49
2026-01-05T15:49:48.059+02:00  INFO 16264 --- [webshop] [main] com.zaxxer.hikari.HikariDataSource       : HikariPool-1 - Start completed.
2026-01-05T15:49:48.126+02:00  INFO 16264 --- [webshop] [main] org.hibernate.orm.connections.pooling    : HHH10001005: Database info:
	Database JDBC URL [jdbc:postgresql://localhost:5432/veebipood]
	Database driver: PostgreSQL JDBC Driver
	Database dialect: PostgreSQLDialect
	Database version: 16.2
	Default catalog/schema: veebipood/public
	Autocommit mode: undefined/unknown
	Isolation level: READ_COMMITTED [default READ_COMMITTED]
	JDBC fetch size: none
	Pool: DatasourceConnectionProviderImpl
	Minimum pool size: undefined/unknown
	Maximum pool size: undefined/unknown
2026-01-05T15:49:49.098+02:00  INFO 16264 --- [webshop] [main] o.h.e.t.j.p.i.JtaPlatformInitiator       : HHH000489: No JTA platform available (set 'hibernate.transaction.jta.platform' to enable JTA platform integration)
2026-01-05T15:49:49.232+02:00  INFO 16264 --- [webshop] [main] j.LocalContainerEntityManagerFactoryBean : Initialized JPA EntityManagerFactory for persistence unit 'default'
2026-01-05T15:49:49.334+02:00  INFO 16264 --- [webshop] [main] o.s.d.j.r.query.QueryEnhancerFactories   : Hibernate is in classpath; If applicable, HQL parser will be used.
2026-01-05T15:49:49.581+02:00  WARN 16264 --- [webshop] [main] JpaBaseConfiguration$JpaWebConfiguration : spring.jpa.open-in-view is enabled by default. Therefore, database queries may be performed during view rendering. Explicitly configure spring.jpa.open-in-view to disable this warning
2026-01-05T15:49:49.908+02:00  INFO 16264 --- [webshop] [main] o.s.boot.tomcat.TomcatWebServer          : Tomcat started on port 8080 (http) with context path '/'
2026-01-05T15:49:49.914+02:00  INFO 16264 --- [webshop] [main] ee.mihkel.webshop.WebshopApplication     : Started WebshopApplication in 4.732 seconds (process running for 5.672)
2026-01-05T16:10:35.299+02:00  INFO 16264 --- [webshop] [SpringApplicationShutdownHook] o.s.boot.tomcat.GracefulShutdown         : Commencing graceful shutdown. Waiting for active requests to complete
2026-01-05T16:10:35.309+02:00  INFO 16264 --- [webshop] [tomcat-shutdown] o.s.boot.tomcat.GracefulShutdown         : Graceful shutdown complete
2026-01-05T16:10:35.315+02:00  INFO 16264 --- [webshop] [SpringApplicationShutdownHook] j.LocalContainerEntityManagerFactoryBean : Closing JPA EntityManagerFactory for persistence unit 'default'
2026-01-05T16:10:35.320+02:00  INFO 16264 --- [webshop] [SpringApplicationShutdownHook] com.zaxxer.hikari.HikariDataSource       : HikariPool-1 - Shutdown initiated...
2026-01-05T16:10:35.323+02:00  INFO 16264 --- [webshop] [SpringApplicationShutdownHook] com.zaxxer.hikari.HikariDataSource       : HikariPool-1 - Shutdown completed.
2026-01-05T16:10:40.131+02:00  INFO 28412 --- [webshop] [main] ee.mihkel.webshop.WebshopApplication     : Starting WebshopApplication using Java 24.0.1 with PID 28412 (C:\Users\Admin\koolitused\backend-12-2025\webshop\target\classes started by Admin in C:\Users\Admin\koolitused\backend-12-2025\webshop)
2026-01-05T16:10:40.134+02:00  INFO 28412 --- [webshop] [main] ee.mihkel.webshop.WebshopApplication     : No active profile set, falling back to 1 default profile: "default"
2026-01-05T16:10:40.987+02:00  INFO 28412 --- [webshop] [main] .s.d.r.c.RepositoryConfigurationDelegate : Bootstrapping Spring Data JPA repositories in DEFAULT mode.
2026-01-05T16:10:41.051+02:00  INFO 28412 --- [webshop] [main] .s.d.r.c.RepositoryConfigurationDelegate : Finished Spring Data repository scanning in 54 ms. Found 4 JPA repository interfaces.
2026-01-05T16:10:41.569+02:00  INFO 28412 --- [webshop] [main] o.s.boot.tomcat.TomcatWebServer          : Tomcat initialized with port 8080 (http)
2026-01-05T16:10:41.584+02:00  INFO 28412 --- [webshop] [main] o.apache.catalina.core.StandardService   : Starting service [Tomcat]
2026-01-05T16:10:41.585+02:00  INFO 28412 --- [webshop] [main] o.apache.catalina.core.StandardEngine    : Starting Servlet engine: [Apache Tomcat/11.0.14]
2026-01-05T16:10:41.641+02:00  INFO 28412 --- [webshop] [main] b.w.c.s.WebApplicationContextInitializer : Root WebApplicationContext: initialization completed in 1442 ms
2026-01-05T16:10:41.815+02:00  INFO 28412 --- [webshop] [main] o.hibernate.jpa.internal.util.LogHelper  : HHH000204: Processing PersistenceUnitInfo [name: default]
2026-01-05T16:10:41.863+02:00  INFO 28412 --- [webshop] [main] org.hibernate.Version                    : HHH000412: Hibernate ORM core version 7.1.8.Final
2026-01-05T16:10:42.342+02:00  INFO 28412 --- [webshop] [main] o.s.o.j.p.SpringPersistenceUnitInfo      : No LoadTimeWeaver setup: ignoring JPA class transformer
2026-01-05T16:10:42.373+02:00  INFO 28412 --- [webshop] [main] com.zaxxer.hikari.HikariDataSource       : HikariPool-1 - Starting...
2026-01-05T16:10:42.567+02:00  INFO 28412 --- [webshop] [main] com.zaxxer.hikari.pool.HikariPool        : HikariPool-1 - Added connection org.postgresql.jdbc.PgConnection@2cacb445
2026-01-05T16:10:42.570+02:00  INFO 28412 --- [webshop] [main] com.zaxxer.hikari.HikariDataSource       : HikariPool-1 - Start completed.
2026-01-05T16:10:42.648+02:00  INFO 28412 --- [webshop] [main] org.hibernate.orm.connections.pooling    : HHH10001005: Database info:
	Database JDBC URL [jdbc:postgresql://localhost:5432/veebipood]
	Database driver: PostgreSQL JDBC Driver
	Database dialect: PostgreSQLDialect
	Database version: 16.2
	Default catalog/schema: veebipood/public
	Autocommit mode: undefined/unknown
	Isolation level: READ_COMMITTED [default READ_COMMITTED]
	JDBC fetch size: none
	Pool: DatasourceConnectionProviderImpl
	Minimum pool size: undefined/unknown
	Maximum pool size: undefined/unknown
2026-01-05T16:10:43.572+02:00  INFO 28412 --- [webshop] [main] o.h.e.t.j.p.i.JtaPlatformInitiator       : HHH000489: No JTA platform available (set 'hibernate.transaction.jta.platform' to enable JTA platform integration)
2026-01-05T16:10:43.667+02:00  WARN 28412 --- [webshop] [main] org.hibernate.orm.jdbc.warn              : HHH000247: ErrorCode: 0, SQLState: 00000
2026-01-05T16:10:43.667+02:00  WARN 28412 --- [webshop] [main] org.hibernate.orm.jdbc.warn              : constraint "uk83uplx9pk5xbms2n3lps2r1bk" of relation "orders_order_rows" does not exist, skipping
2026-01-05T16:10:43.761+02:00  INFO 28412 --- [webshop] [main] j.LocalContainerEntityManagerFactoryBean : Initialized JPA EntityManagerFactory for persistence unit 'default'
2026-01-05T16:10:43.902+02:00  INFO 28412 --- [webshop] [main] o.s.d.j.r.query.QueryEnhancerFactories   : Hibernate is in classpath; If applicable, HQL parser will be used.
2026-01-05T16:10:44.242+02:00  WARN 28412 --- [webshop] [main] JpaBaseConfiguration$JpaWebConfiguration : spring.jpa.open-in-view is enabled by default. Therefore, database queries may be performed during view rendering. Explicitly configure spring.jpa.open-in-view to disable this warning
2026-01-05T16:10:44.689+02:00  INFO 28412 --- [webshop] [main] o.s.boot.tomcat.TomcatWebServer          : Tomcat started on port 8080 (http) with context path '/'
2026-01-05T16:10:44.694+02:00  INFO 28412 --- [webshop] [main] ee.mihkel.webshop.WebshopApplication     : Started WebshopApplication in 5.122 seconds (process running for 5.934)
2026-01-05T16:10:55.370+02:00  INFO 28412 --- [webshop] [http-nio-8080-exec-2] o.a.c.c.C.[Tomcat].[localhost].[/]       : Initializing Spring DispatcherServlet 'dispatcherServlet'
2026-01-05T16:10:55.370+02:00  INFO 28412 --- [webshop] [http-nio-8080-exec-2] o.s.web.servlet.DispatcherServlet        : Initializing Servlet 'dispatcherServlet'
2026-01-05T16:10:55.372+02:00  INFO 28412 --- [webshop] [http-nio-8080-exec-2] o.s.web.servlet.DispatcherServlet        : Completed initialization in 1 ms
2026-01-05T16:10:55.470+02:00  WARN 28412 --- [webshop] [http-nio-8080-exec-3] .w.s.m.s.DefaultHandlerExceptionResolver : Resolved [org.springframework.web.bind.MissingServletRequestParameterException: Required request parameter 'personId' for method parameter type Long is not present]
2026-01-05T16:16:19.977+02:00  INFO 28412 --- [webshop] [SpringApplicationShutdownHook] o.s.boot.tomcat.GracefulShutdown         : Commencing graceful shutdown. Waiting for active requests to complete
2026-01-05T16:16:19.988+02:00  INFO 28412 --- [webshop] [tomcat-shutdown] o.s.boot.tomcat.GracefulShutdown         : Graceful shutdown complete
2026-01-05T16:16:19.995+02:00  INFO 28412 --- [webshop] [SpringApplicationShutdownHook] j.LocalContainerEntityManagerFactoryBean : Closing JPA EntityManagerFactory for persistence unit 'default'
2026-01-05T16:16:19.998+02:00  INFO 28412 --- [webshop] [SpringApplicationShutdownHook] com.zaxxer.hikari.HikariDataSource       : HikariPool-1 - Shutdown initiated...
2026-01-05T16:16:20.001+02:00  INFO 28412 --- [webshop] [SpringApplicationShutdownHook] com.zaxxer.hikari.HikariDataSource       : HikariPool-1 - Shutdown completed.
2026-01-05T16:16:24.655+02:00  INFO 30304 --- [webshop] [main] ee.mihkel.webshop.WebshopApplication     : Starting WebshopApplication using Java 24.0.1 with PID 30304 (C:\Users\Admin\koolitused\backend-12-2025\webshop\target\classes started by Admin in C:\Users\Admin\koolitused\backend-12-2025\webshop)
2026-01-05T16:16:24.659+02:00  INFO 30304 --- [webshop] [main] ee.mihkel.webshop.WebshopApplication     : No active profile set, falling back to 1 default profile: "default"
2026-01-05T16:16:25.351+02:00  INFO 30304 --- [webshop] [main] .s.d.r.c.RepositoryConfigurationDelegate : Bootstrapping Spring Data JPA repositories in DEFAULT mode.
2026-01-05T16:16:25.414+02:00  INFO 30304 --- [webshop] [main] .s.d.r.c.RepositoryConfigurationDelegate : Finished Spring Data repository scanning in 54 ms. Found 4 JPA repository interfaces.
2026-01-05T16:16:25.881+02:00  INFO 30304 --- [webshop] [main] o.s.boot.tomcat.TomcatWebServer          : Tomcat initialized with port 8080 (http)
2026-01-05T16:16:25.894+02:00  INFO 30304 --- [webshop] [main] o.apache.catalina.core.StandardService   : Starting service [Tomcat]
2026-01-05T16:16:25.895+02:00  INFO 30304 --- [webshop] [main] o.apache.catalina.core.StandardEngine    : Starting Servlet engine: [Apache Tomcat/11.0.14]
2026-01-05T16:16:25.935+02:00  INFO 30304 --- [webshop] [main] b.w.c.s.WebApplicationContextInitializer : Root WebApplicationContext: initialization completed in 1215 ms
2026-01-05T16:16:26.087+02:00  INFO 30304 --- [webshop] [main] o.hibernate.jpa.internal.util.LogHelper  : HHH000204: Processing PersistenceUnitInfo [name: default]
2026-01-05T16:16:26.151+02:00  INFO 30304 --- [webshop] [main] org.hibernate.Version                    : HHH000412: Hibernate ORM core version 7.1.8.Final
2026-01-05T16:16:26.618+02:00  INFO 30304 --- [webshop] [main] o.s.o.j.p.SpringPersistenceUnitInfo      : No LoadTimeWeaver setup: ignoring JPA class transformer
2026-01-05T16:16:26.651+02:00  INFO 30304 --- [webshop] [main] com.zaxxer.hikari.HikariDataSource       : HikariPool-1 - Starting...
2026-01-05T16:16:26.821+02:00  INFO 30304 --- [webshop] [main] com.zaxxer.hikari.pool.HikariPool        : HikariPool-1 - Added connection org.postgresql.jdbc.PgConnection@54a6ef6
2026-01-05T16:16:26.823+02:00  INFO 30304 --- [webshop] [main] com.zaxxer.hikari.HikariDataSource       : HikariPool-1 - Start completed.
2026-01-05T16:16:26.891+02:00  INFO 30304 --- [webshop] [main] org.hibernate.orm.connections.pooling    : HHH10001005: Database info:
	Database JDBC URL [jdbc:postgresql://localhost:5432/veebipood]
	Database driver: PostgreSQL JDBC Driver
	Database dialect: PostgreSQLDialect
	Database version: 16.2
	Default catalog/schema: veebipood/public
	Autocommit mode: undefined/unknown
	Isolation level: READ_COMMITTED [default READ_COMMITTED]
	JDBC fetch size: none
	Pool: DatasourceConnectionProviderImpl
	Minimum pool size: undefined/unknown
	Maximum pool size: undefined/unknown
2026-01-05T16:16:27.875+02:00  INFO 30304 --- [webshop] [main] o.h.e.t.j.p.i.JtaPlatformInitiator       : HHH000489: No JTA platform available (set 'hibernate.transaction.jta.platform' to enable JTA platform integration)
2026-01-05T16:16:28.039+02:00  INFO 30304 --- [webshop] [main] j.LocalContainerEntityManagerFactoryBean : Initialized JPA EntityManagerFactory for persistence unit 'default'
2026-01-05T16:16:28.143+02:00  INFO 30304 --- [webshop] [main] o.s.d.j.r.query.QueryEnhancerFactories   : Hibernate is in classpath; If applicable, HQL parser will be used.
2026-01-05T16:16:28.404+02:00  WARN 30304 --- [webshop] [main] JpaBaseConfiguration$JpaWebConfiguration : spring.jpa.open-in-view is enabled by default. Therefore, database queries may be performed during view rendering. Explicitly configure spring.jpa.open-in-view to disable this warning
2026-01-05T16:16:28.788+02:00  INFO 30304 --- [webshop] [main] o.s.boot.tomcat.TomcatWebServer          : Tomcat started on port 8080 (http) with context path '/'
2026-01-05T16:16:28.793+02:00  INFO 30304 --- [webshop] [main] ee.mihkel.webshop.WebshopApplication     : Started WebshopApplication in 4.672 seconds (process running for 5.468)
2026-01-05T16:16:46.417+02:00  INFO 30304 --- [webshop] [http-nio-8080-exec-1] o.a.c.c.C.[Tomcat].[localhost].[/]       : Initializing Spring DispatcherServlet 'dispatcherServlet'
2026-01-05T16:16:46.418+02:00  INFO 30304 --- [webshop] [http-nio-8080-exec-1] o.s.web.servlet.DispatcherServlet        : Initializing Servlet 'dispatcherServlet'
2026-01-05T16:16:46.419+02:00  INFO 30304 --- [webshop] [http-nio-8080-exec-1] o.s.web.servlet.DispatcherServlet        : Completed initialization in 1 ms
2026-01-05T16:17:23.420+02:00  WARN 30304 --- [webshop] [http-nio-8080-exec-3] ration$PageModule$WarningLoggingModifier : Serializing PageImpl instances as-is is not supported, meaning that there is no guarantee about the stability of the resulting JSON structure!
	For a stable JSON structure, please use Spring Data's PagedModel (globally via @EnableSpringDataWebSupport(pageSerializationMode = VIA_DTO))
	or Spring HATEOAS and Spring Data's PagedResourcesAssembler as documented in https://docs.spring.io/spring-data/commons/reference/repositories/core-extensions.html#core.web.pageables.

2026-01-05T17:31:55.921+02:00  INFO 30304 --- [webshop] [SpringApplicationShutdownHook] o.s.boot.tomcat.GracefulShutdown         : Commencing graceful shutdown. Waiting for active requests to complete
2026-01-05T17:31:55.926+02:00  INFO 30304 --- [webshop] [tomcat-shutdown] o.s.boot.tomcat.GracefulShutdown         : Graceful shutdown complete
2026-01-05T17:31:55.930+02:00  INFO 30304 --- [webshop] [SpringApplicationShutdownHook] j.LocalContainerEntityManagerFactoryBean : Closing JPA EntityManagerFactory for persistence unit 'default'
2026-01-05T17:31:55.932+02:00  INFO 30304 --- [webshop] [SpringApplicationShutdownHook] com.zaxxer.hikari.HikariDataSource       : HikariPool-1 - Shutdown initiated...
2026-01-05T17:31:55.933+02:00  INFO 30304 --- [webshop] [SpringApplicationShutdownHook] com.zaxxer.hikari.HikariDataSource       : HikariPool-1 - Shutdown completed.
